<?xml version="1.0" encoding="UTF-8"?>
<coverage generated="1745392655198" clover="3.2.0">
  <project timestamp="1745392655199" name="All files">
    <metrics statements="284" coveredstatements="271" conditionals="45" coveredconditionals="40" methods="37" coveredmethods="35" elements="366" coveredelements="346" complexity="0" loc="284" ncloc="284" packages="2" files="8" classes="8"/>
    <package name="src.backend">
      <metrics statements="14" coveredstatements="14" conditionals="4" coveredconditionals="4" methods="2" coveredmethods="2"/>
      <file name="interface.ts" path="/Users/kushagra/Desktop/UNSW/current_term/COMP1531/project-backend/src/backend/interface.ts">
        <metrics statements="14" coveredstatements="14" conditionals="4" coveredconditionals="4" methods="2" coveredmethods="2"/>
        <line num="109" count="1" type="cond" truecount="2" falsecount="0"/>
        <line num="110" count="1" type="stmt"/>
        <line num="111" count="1" type="stmt"/>
        <line num="112" count="1" type="stmt"/>
        <line num="113" count="1" type="stmt"/>
        <line num="114" count="1" type="stmt"/>
        <line num="115" count="1" type="stmt"/>
        <line num="116" count="1" type="stmt"/>
        <line num="126" count="1" type="cond" truecount="2" falsecount="0"/>
        <line num="127" count="1" type="stmt"/>
        <line num="128" count="1" type="stmt"/>
        <line num="129" count="1" type="stmt"/>
        <line num="130" count="1" type="stmt"/>
        <line num="131" count="1" type="stmt"/>
      </file>
    </package>
    <package name="tests.test_helpers">
      <metrics statements="270" coveredstatements="257" conditionals="41" coveredconditionals="36" methods="35" coveredmethods="33"/>
      <file name="auth.ts" path="/Users/kushagra/Desktop/UNSW/current_term/COMP1531/project-backend/tests/test_helpers/auth.ts">
        <metrics statements="60" coveredstatements="50" conditionals="11" coveredconditionals="9" methods="7" coveredmethods="5"/>
        <line num="2" count="32" type="stmt"/>
        <line num="3" count="32" type="stmt"/>
        <line num="5" count="32" type="stmt"/>
        <line num="6" count="32" type="stmt"/>
        <line num="7" count="32" type="stmt"/>
        <line num="9" count="32" type="stmt"/>
        <line num="10" count="32" type="stmt"/>
        <line num="13" count="32" type="stmt"/>
        <line num="16" count="32" type="stmt"/>
        <line num="18" count="32" type="stmt"/>
        <line num="24" count="430" type="stmt"/>
        <line num="31" count="430" type="stmt"/>
        <line num="36" count="430" type="stmt"/>
        <line num="38" count="430" type="cond" truecount="1" falsecount="0"/>
        <line num="39" count="14" type="stmt"/>
        <line num="41" count="430" type="stmt"/>
        <line num="44" count="32" type="stmt"/>
        <line num="45" count="23" type="stmt"/>
        <line num="50" count="23" type="stmt"/>
        <line num="52" count="23" type="cond" truecount="1" falsecount="0"/>
        <line num="53" count="7" type="stmt"/>
        <line num="55" count="23" type="stmt"/>
        <line num="58" count="32" type="stmt"/>
        <line num="62" count="21" type="stmt"/>
        <line num="67" count="21" type="stmt"/>
        <line num="68" count="21" type="cond" truecount="1" falsecount="0"/>
        <line num="69" count="13" type="stmt"/>
        <line num="72" count="21" type="stmt"/>
        <line num="75" count="32" type="stmt"/>
        <line num="76" count="7" type="stmt"/>
        <line num="81" count="7" type="stmt"/>
        <line num="83" count="7" type="cond" truecount="1" falsecount="0"/>
        <line num="84" count="4" type="stmt"/>
        <line num="86" count="7" type="stmt"/>
        <line num="89" count="32" type="stmt"/>
        <line num="95" count="0" type="stmt"/>
        <line num="105" count="0" type="stmt"/>
        <line num="107" count="0" type="cond" truecount="0" falsecount="1"/>
        <line num="108" count="0" type="stmt"/>
        <line num="111" count="0" type="stmt"/>
        <line num="114" count="32" type="stmt"/>
        <line num="120" count="10" type="stmt"/>
        <line num="121" count="10" type="stmt"/>
        <line num="122" count="10" type="stmt"/>
        <line num="125" count="10" type="cond" truecount="2" falsecount="0"/>
        <line num="126" count="2" type="stmt"/>
        <line num="127" count="8" type="cond" truecount="2" falsecount="0"/>
        <line num="128" count="4" type="stmt"/>
        <line num="129" count="4" type="cond" truecount="1" falsecount="0"/>
        <line num="130" count="4" type="stmt"/>
        <line num="133" count="10" type="stmt"/>
        <line num="139" count="10" type="stmt"/>
        <line num="140" count="10" type="stmt"/>
        <line num="142" count="10" type="stmt"/>
        <line num="145" count="32" type="stmt"/>
        <line num="150" count="0" type="stmt"/>
        <line num="159" count="0" type="stmt"/>
        <line num="161" count="0" type="cond" truecount="0" falsecount="1"/>
        <line num="162" count="0" type="stmt"/>
        <line num="165" count="0" type="stmt"/>
      </file>
      <file name="game.ts" path="/Users/kushagra/Desktop/UNSW/current_term/COMP1531/project-backend/tests/test_helpers/game.ts">
        <metrics statements="30" coveredstatements="28" conditionals="4" coveredconditionals="2" methods="4" coveredmethods="4"/>
        <line num="1" count="11" type="stmt"/>
        <line num="2" count="11" type="stmt"/>
        <line num="4" count="11" type="stmt"/>
        <line num="5" count="11" type="stmt"/>
        <line num="7" count="11" type="stmt"/>
        <line num="8" count="11" type="stmt"/>
        <line num="10" count="11" type="stmt"/>
        <line num="15" count="91" type="stmt"/>
        <line num="21" count="91" type="stmt"/>
        <line num="22" count="91" type="cond" truecount="0" falsecount="1"/>
        <line num="23" count="0" type="stmt"/>
        <line num="26" count="91" type="stmt"/>
        <line num="29" count="11" type="stmt"/>
        <line num="34" count="25" type="stmt"/>
        <line num="39" count="25" type="stmt"/>
        <line num="40" count="25" type="cond" truecount="1" falsecount="0"/>
        <line num="41" count="5" type="stmt"/>
        <line num="44" count="25" type="stmt"/>
        <line num="47" count="11" type="stmt"/>
        <line num="53" count="160" type="stmt"/>
        <line num="59" count="160" type="stmt"/>
        <line num="60" count="160" type="cond" truecount="1" falsecount="0"/>
        <line num="61" count="27" type="stmt"/>
        <line num="64" count="160" type="stmt"/>
        <line num="67" count="11" type="stmt"/>
        <line num="72" count="2" type="stmt"/>
        <line num="77" count="2" type="stmt"/>
        <line num="78" count="2" type="cond" truecount="0" falsecount="1"/>
        <line num="79" count="0" type="stmt"/>
        <line num="82" count="2" type="stmt"/>
      </file>
      <file name="interface.ts" path="/Users/kushagra/Desktop/UNSW/current_term/COMP1531/project-backend/tests/test_helpers/interface.ts">
        <metrics statements="14" coveredstatements="14" conditionals="4" coveredconditionals="4" methods="2" coveredmethods="2"/>
        <line num="23" count="7" type="cond" truecount="2" falsecount="0"/>
        <line num="24" count="7" type="stmt"/>
        <line num="25" count="7" type="stmt"/>
        <line num="26" count="7" type="stmt"/>
        <line num="27" count="7" type="stmt"/>
        <line num="28" count="7" type="stmt"/>
        <line num="29" count="7" type="stmt"/>
        <line num="30" count="7" type="stmt"/>
        <line num="33" count="7" type="cond" truecount="2" falsecount="0"/>
        <line num="34" count="7" type="stmt"/>
        <line num="35" count="7" type="stmt"/>
        <line num="36" count="7" type="stmt"/>
        <line num="37" count="7" type="stmt"/>
        <line num="38" count="7" type="stmt"/>
      </file>
      <file name="openEnd.ts" path="/Users/kushagra/Desktop/UNSW/current_term/COMP1531/project-backend/tests/test_helpers/openEnd.ts">
        <metrics statements="21" coveredstatements="21" conditionals="2" coveredconditionals="2" methods="2" coveredmethods="2"/>
        <line num="1" count="2" type="stmt"/>
        <line num="2" count="2" type="stmt"/>
        <line num="4" count="2" type="stmt"/>
        <line num="5" count="2" type="stmt"/>
        <line num="6" count="2" type="stmt"/>
        <line num="8" count="2" type="stmt"/>
        <line num="10" count="2" type="stmt"/>
        <line num="12" count="2" type="stmt"/>
        <line num="13" count="2" type="stmt"/>
        <line num="15" count="2" type="stmt"/>
        <line num="19" count="5" type="stmt"/>
        <line num="25" count="5" type="stmt"/>
        <line num="26" count="5" type="cond" truecount="1" falsecount="0"/>
        <line num="27" count="4" type="stmt"/>
        <line num="30" count="5" type="stmt"/>
        <line num="33" count="2" type="stmt"/>
        <line num="38" count="20" type="stmt"/>
        <line num="44" count="20" type="stmt"/>
        <line num="46" count="20" type="cond" truecount="1" falsecount="0"/>
        <line num="47" count="8" type="stmt"/>
        <line num="49" count="20" type="stmt"/>
      </file>
      <file name="other.ts" path="/Users/kushagra/Desktop/UNSW/current_term/COMP1531/project-backend/tests/test_helpers/other.ts">
        <metrics statements="10" coveredstatements="10" conditionals="0" coveredconditionals="0" methods="1" coveredmethods="1"/>
        <line num="2" count="39" type="stmt"/>
        <line num="3" count="39" type="stmt"/>
        <line num="8" count="39" type="stmt"/>
        <line num="9" count="39" type="stmt"/>
        <line num="10" count="39" type="stmt"/>
        <line num="12" count="39" type="stmt"/>
        <line num="13" count="39" type="stmt"/>
        <line num="15" count="39" type="stmt"/>
        <line num="16" count="435" type="stmt"/>
        <line num="17" count="435" type="stmt"/>
      </file>
      <file name="player.ts" path="/Users/kushagra/Desktop/UNSW/current_term/COMP1531/project-backend/tests/test_helpers/player.ts">
        <metrics statements="38" coveredstatements="38" conditionals="5" coveredconditionals="5" methods="5" coveredmethods="5"/>
        <line num="2" count="9" type="stmt"/>
        <line num="3" count="9" type="stmt"/>
        <line num="5" count="9" type="stmt"/>
        <line num="6" count="9" type="stmt"/>
        <line num="7" count="9" type="stmt"/>
        <line num="9" count="9" type="stmt"/>
        <line num="10" count="9" type="stmt"/>
        <line num="13" count="9" type="stmt"/>
        <line num="15" count="9" type="stmt"/>
        <line num="19" count="108" type="stmt"/>
        <line num="24" count="108" type="stmt"/>
        <line num="25" count="108" type="cond" truecount="1" falsecount="0"/>
        <line num="26" count="6" type="stmt"/>
        <line num="29" count="108" type="stmt"/>
        <line num="32" count="9" type="stmt"/>
        <line num="35" count="2" type="stmt"/>
        <line num="39" count="2" type="stmt"/>
        <line num="40" count="2" type="cond" truecount="1" falsecount="0"/>
        <line num="41" count="1" type="stmt"/>
        <line num="44" count="2" type="stmt"/>
        <line num="47" count="9" type="stmt"/>
        <line num="51" count="10" type="stmt"/>
        <line num="55" count="10" type="stmt"/>
        <line num="56" count="10" type="cond" truecount="1" falsecount="0"/>
        <line num="57" count="8" type="stmt"/>
        <line num="60" count="10" type="stmt"/>
        <line num="63" count="9" type="stmt"/>
        <line num="68" count="17" type="stmt"/>
        <line num="73" count="17" type="stmt"/>
        <line num="74" count="17" type="cond" truecount="1" falsecount="0"/>
        <line num="75" count="7" type="stmt"/>
        <line num="78" count="17" type="stmt"/>
        <line num="81" count="9" type="stmt"/>
        <line num="85" count="5" type="stmt"/>
        <line num="91" count="5" type="stmt"/>
        <line num="93" count="5" type="cond" truecount="1" falsecount="0"/>
        <line num="94" count="4" type="stmt"/>
        <line num="96" count="5" type="stmt"/>
      </file>
      <file name="quiz.ts" path="/Users/kushagra/Desktop/UNSW/current_term/COMP1531/project-backend/tests/test_helpers/quiz.ts">
        <metrics statements="97" coveredstatements="96" conditionals="15" coveredconditionals="14" methods="14" coveredmethods="14"/>
        <line num="1" count="28" type="stmt"/>
        <line num="2" count="28" type="stmt"/>
        <line num="7" count="28" type="stmt"/>
        <line num="8" count="28" type="stmt"/>
        <line num="10" count="28" type="stmt"/>
        <line num="11" count="28" type="stmt"/>
        <line num="13" count="28" type="stmt"/>
        <line num="14" count="9" type="stmt"/>
        <line num="15" count="9" type="stmt"/>
        <line num="20" count="9" type="stmt"/>
        <line num="21" count="9" type="cond" truecount="1" falsecount="0"/>
        <line num="22" count="2" type="stmt"/>
        <line num="25" count="9" type="stmt"/>
        <line num="28" count="28" type="stmt"/>
        <line num="33" count="355" type="stmt"/>
        <line num="34" count="355" type="stmt"/>
        <line num="40" count="355" type="stmt"/>
        <line num="41" count="355" type="cond" truecount="1" falsecount="0"/>
        <line num="42" count="9" type="stmt"/>
        <line num="45" count="355" type="stmt"/>
        <line num="48" count="28" type="stmt"/>
        <line num="53" count="64" type="stmt"/>
        <line num="63" count="64" type="stmt"/>
        <line num="64" count="64" type="cond" truecount="1" falsecount="0"/>
        <line num="65" count="20" type="stmt"/>
        <line num="68" count="64" type="stmt"/>
        <line num="71" count="28" type="stmt"/>
        <line num="72" count="19" type="stmt"/>
        <line num="73" count="19" type="stmt"/>
        <line num="78" count="19" type="stmt"/>
        <line num="79" count="19" type="cond" truecount="1" falsecount="0"/>
        <line num="80" count="5" type="stmt"/>
        <line num="84" count="19" type="stmt"/>
        <line num="87" count="28" type="stmt"/>
        <line num="88" count="5" type="stmt"/>
        <line num="89" count="5" type="stmt"/>
        <line num="94" count="5" type="stmt"/>
        <line num="95" count="5" type="cond" truecount="1" falsecount="0"/>
        <line num="96" count="4" type="cond" truecount="1" falsecount="0"/>
        <line num="97" count="4" type="stmt"/>
        <line num="99" count="4" type="stmt"/>
        <line num="101" count="1" type="stmt"/>
        <line num="104" count="28" type="stmt"/>
        <line num="109" count="7" type="stmt"/>
        <line num="118" count="7" type="stmt"/>
        <line num="119" count="7" type="cond" truecount="1" falsecount="0"/>
        <line num="120" count="5" type="stmt"/>
        <line num="123" count="7" type="stmt"/>
        <line num="126" count="28" type="stmt"/>
        <line num="132" count="16" type="stmt"/>
        <line num="142" count="16" type="stmt"/>
        <line num="144" count="16" type="cond" truecount="1" falsecount="0"/>
        <line num="145" count="11" type="stmt"/>
        <line num="147" count="16" type="stmt"/>
        <line num="150" count="28" type="stmt"/>
        <line num="151" count="4" type="stmt"/>
        <line num="160" count="4" type="stmt"/>
        <line num="161" count="4" type="cond" truecount="1" falsecount="0"/>
        <line num="162" count="3" type="stmt"/>
        <line num="165" count="4" type="stmt"/>
        <line num="168" count="28" type="stmt"/>
        <line num="173" count="200" type="stmt"/>
        <line num="183" count="200" type="stmt"/>
        <line num="184" count="200" type="cond" truecount="1" falsecount="0"/>
        <line num="185" count="23" type="stmt"/>
        <line num="188" count="200" type="stmt"/>
        <line num="191" count="28" type="stmt"/>
        <line num="196" count="9" type="stmt"/>
        <line num="205" count="9" type="stmt"/>
        <line num="206" count="9" type="cond" truecount="1" falsecount="0"/>
        <line num="207" count="6" type="stmt"/>
        <line num="210" count="9" type="stmt"/>
        <line num="213" count="28" type="stmt"/>
        <line num="218" count="35" type="stmt"/>
        <line num="228" count="35" type="stmt"/>
        <line num="229" count="35" type="cond" truecount="1" falsecount="0"/>
        <line num="230" count="6" type="stmt"/>
        <line num="233" count="35" type="stmt"/>
        <line num="236" count="28" type="stmt"/>
        <line num="237" count="6" type="stmt"/>
        <line num="242" count="6" type="stmt"/>
        <line num="243" count="6" type="cond" truecount="1" falsecount="0"/>
        <line num="244" count="5" type="stmt"/>
        <line num="247" count="6" type="stmt"/>
        <line num="250" count="28" type="stmt"/>
        <line num="251" count="12" type="stmt"/>
        <line num="252" count="12" type="stmt"/>
        <line num="258" count="12" type="stmt"/>
        <line num="259" count="12" type="cond" truecount="1" falsecount="0"/>
        <line num="260" count="5" type="stmt"/>
        <line num="262" count="12" type="stmt"/>
        <line num="265" count="28" type="stmt"/>
        <line num="272" count="1" type="stmt"/>
        <line num="284" count="1" type="stmt"/>
        <line num="285" count="1" type="cond" truecount="0" falsecount="1"/>
        <line num="286" count="0" type="stmt"/>
        <line num="288" count="1" type="stmt"/>
      </file>
    </package>
  </project>
</coverage>
