{"/Users/kushagra/Desktop/UNSW/current_term/COMP1531/project-backend/src/backend/interface.ts": {"path":"/Users/kushagra/Desktop/UNSW/current_term/COMP1531/project-backend/src/backend/interface.ts","statementMap":{"0":{"start":{"line":109,"column":0},"end":{"line":109,"column":null}},"1":{"start":{"line":110,"column":2},"end":{"line":110,"column":null}},"2":{"start":{"line":111,"column":2},"end":{"line":111,"column":null}},"3":{"start":{"line":112,"column":2},"end":{"line":112,"column":null}},"4":{"start":{"line":113,"column":2},"end":{"line":113,"column":null}},"5":{"start":{"line":114,"column":2},"end":{"line":114,"column":null}},"6":{"start":{"line":115,"column":2},"end":{"line":115,"column":null}},"7":{"start":{"line":116,"column":2},"end":{"line":116,"column":null}},"8":{"start":{"line":126,"column":0},"end":{"line":126,"column":null}},"9":{"start":{"line":127,"column":2},"end":{"line":127,"column":null}},"10":{"start":{"line":128,"column":2},"end":{"line":128,"column":null}},"11":{"start":{"line":129,"column":2},"end":{"line":129,"column":null}},"12":{"start":{"line":130,"column":2},"end":{"line":130,"column":null}},"13":{"start":{"line":131,"column":2},"end":{"line":131,"column":null}}},"fnMap":{"0":{"name":"(anonymous_0)","decl":{"start":{"line":109,"column":0},"end":{"line":109,"column":12}},"loc":{"start":{"line":109,"column":25},"end":{"line":117,"column":1}}},"1":{"name":"(anonymous_1)","decl":{"start":{"line":126,"column":0},"end":{"line":126,"column":12}},"loc":{"start":{"line":126,"column":18},"end":{"line":132,"column":1}}}},"branchMap":{"0":{"loc":{"start":{"line":109,"column":12},"end":{"line":109,"column":null}},"type":"binary-expr","locations":[{"start":{"line":109,"column":12},"end":{"line":109,"column":25}},{"start":{"line":109,"column":25},"end":{"line":109,"column":null}}]},"1":{"loc":{"start":{"line":126,"column":12},"end":{"line":126,"column":null}},"type":"binary-expr","locations":[{"start":{"line":126,"column":12},"end":{"line":126,"column":18}},{"start":{"line":126,"column":18},"end":{"line":126,"column":null}}]}},"s":{"0":1,"1":1,"2":1,"3":1,"4":1,"5":1,"6":1,"7":1,"8":1,"9":1,"10":1,"11":1,"12":1,"13":1},"f":{"0":1,"1":1},"b":{"0":[1,1],"1":[1,1]}}
,"/Users/kushagra/Desktop/UNSW/current_term/COMP1531/project-backend/tests/test_helpers/auth.ts": {"path":"/Users/kushagra/Desktop/UNSW/current_term/COMP1531/project-backend/tests/test_helpers/auth.ts","statementMap":{"0":{"start":{"line":2,"column":0},"end":{"line":2,"column":40}},"1":{"start":{"line":3,"column":0},"end":{"line":3,"column":43}},"2":{"start":{"line":5,"column":12},"end":{"line":5,"column":22}},"3":{"start":{"line":6,"column":13},"end":{"line":6,"column":24}},"4":{"start":{"line":7,"column":16},"end":{"line":7,"column":20}},"5":{"start":{"line":9,"column":19},"end":{"line":9,"column":46}},"6":{"start":{"line":10,"column":19},"end":{"line":10,"column":27}},"7":{"start":{"line":13,"column":17},"end":{"line":13,"column":43}},"8":{"start":{"line":16,"column":17},"end":{"line":16,"column":43}},"9":{"start":{"line":24,"column":21},"end":{"line":29,"column":4}},"10":{"start":{"line":31,"column":19},"end":{"line":34,"column":4}},"11":{"start":{"line":36,"column":20},"end":{"line":36,"column":56}},"12":{"start":{"line":38,"column":2},"end":{"line":40,"column":3}},"13":{"start":{"line":39,"column":4},"end":{"line":39,"column":47}},"14":{"start":{"line":41,"column":2},"end":{"line":41,"column":19}},"15":{"start":{"line":18,"column":0},"end":{"line":18,"column":16}},"16":{"start":{"line":45,"column":19},"end":{"line":48,"column":4}},"17":{"start":{"line":50,"column":20},"end":{"line":50,"column":56}},"18":{"start":{"line":52,"column":2},"end":{"line":54,"column":3}},"19":{"start":{"line":53,"column":4},"end":{"line":53,"column":47}},"20":{"start":{"line":55,"column":2},"end":{"line":55,"column":19}},"21":{"start":{"line":44,"column":0},"end":{"line":44,"column":16}},"22":{"start":{"line":62,"column":14},"end":{"line":65,"column":4}},"23":{"start":{"line":67,"column":15},"end":{"line":67,"column":46}},"24":{"start":{"line":68,"column":2},"end":{"line":70,"column":3}},"25":{"start":{"line":69,"column":4},"end":{"line":69,"column":37}},"26":{"start":{"line":72,"column":2},"end":{"line":72,"column":14}},"27":{"start":{"line":58,"column":0},"end":{"line":58,"column":16}},"28":{"start":{"line":76,"column":19},"end":{"line":79,"column":4}},"29":{"start":{"line":81,"column":20},"end":{"line":81,"column":56}},"30":{"start":{"line":83,"column":2},"end":{"line":85,"column":3}},"31":{"start":{"line":84,"column":4},"end":{"line":84,"column":47}},"32":{"start":{"line":86,"column":2},"end":{"line":86,"column":19}},"33":{"start":{"line":75,"column":0},"end":{"line":75,"column":16}},"34":{"start":{"line":95,"column":19},"end":{"line":103,"column":4}},"35":{"start":{"line":105,"column":20},"end":{"line":105,"column":56}},"36":{"start":{"line":107,"column":2},"end":{"line":109,"column":3}},"37":{"start":{"line":108,"column":4},"end":{"line":108,"column":47}},"38":{"start":{"line":111,"column":2},"end":{"line":111,"column":19}},"39":{"start":{"line":89,"column":0},"end":{"line":89,"column":16}},"40":{"start":{"line":120,"column":14},"end":{"line":120,"column":29}},"41":{"start":{"line":121,"column":18},"end":{"line":121,"column":25}},"42":{"start":{"line":122,"column":17},"end":{"line":122,"column":23}},"43":{"start":{"line":125,"column":2},"end":{"line":131,"column":3}},"44":{"start":{"line":126,"column":4},"end":{"line":126,"column":18}},"45":{"start":{"line":127,"column":9},"end":{"line":131,"column":3}},"46":{"start":{"line":128,"column":4},"end":{"line":128,"column":22}},"47":{"start":{"line":129,"column":9},"end":{"line":131,"column":3}},"48":{"start":{"line":130,"column":4},"end":{"line":130,"column":21}},"49":{"start":{"line":133,"column":14},"end":{"line":137,"column":4}},"50":{"start":{"line":139,"column":17},"end":{"line":139,"column":48}},"51":{"start":{"line":140,"column":2},"end":{"line":140,"column":37}},"52":{"start":{"line":142,"column":2},"end":{"line":142,"column":16}},"53":{"start":{"line":114,"column":0},"end":{"line":114,"column":16}},"54":{"start":{"line":150,"column":19},"end":{"line":157,"column":4}},"55":{"start":{"line":159,"column":20},"end":{"line":159,"column":56}},"56":{"start":{"line":161,"column":2},"end":{"line":163,"column":3}},"57":{"start":{"line":162,"column":4},"end":{"line":162,"column":47}},"58":{"start":{"line":165,"column":2},"end":{"line":165,"column":19}},"59":{"start":{"line":145,"column":0},"end":{"line":145,"column":16}}},"fnMap":{"0":{"name":"adminAuthRegister","decl":{"start":{"line":18,"column":16},"end":{"line":18,"column":33}},"loc":{"start":{"line":22,"column":18},"end":{"line":42,"column":1}}},"1":{"name":"adminUserDetails","decl":{"start":{"line":44,"column":16},"end":{"line":44,"column":32}},"loc":{"start":{"line":44,"column":48},"end":{"line":56,"column":1}}},"2":{"name":"adminAuthLogin","decl":{"start":{"line":58,"column":16},"end":{"line":58,"column":30}},"loc":{"start":{"line":60,"column":18},"end":{"line":73,"column":1}}},"3":{"name":"adminAuthLogout","decl":{"start":{"line":75,"column":16},"end":{"line":75,"column":31}},"loc":{"start":{"line":75,"column":47},"end":{"line":87,"column":1}}},"4":{"name":"adminUserDetailsUpdate","decl":{"start":{"line":89,"column":16},"end":{"line":89,"column":38}},"loc":{"start":{"line":93,"column":18},"end":{"line":112,"column":1}}},"5":{"name":"updateUserField","decl":{"start":{"line":114,"column":16},"end":{"line":114,"column":31}},"loc":{"start":{"line":117,"column":15},"end":{"line":143,"column":1}}},"6":{"name":"adminUserPasswordUpdate","decl":{"start":{"line":145,"column":16},"end":{"line":145,"column":39}},"loc":{"start":{"line":148,"column":21},"end":{"line":166,"column":1}}}},"branchMap":{"0":{"loc":{"start":{"line":38,"column":2},"end":{"line":40,"column":3}},"type":"if","locations":[{"start":{"line":38,"column":2},"end":{"line":40,"column":3}}]},"1":{"loc":{"start":{"line":52,"column":2},"end":{"line":54,"column":3}},"type":"if","locations":[{"start":{"line":52,"column":2},"end":{"line":54,"column":3}}]},"2":{"loc":{"start":{"line":68,"column":2},"end":{"line":70,"column":3}},"type":"if","locations":[{"start":{"line":68,"column":2},"end":{"line":70,"column":3}}]},"3":{"loc":{"start":{"line":83,"column":2},"end":{"line":85,"column":3}},"type":"if","locations":[{"start":{"line":83,"column":2},"end":{"line":85,"column":3}}]},"4":{"loc":{"start":{"line":107,"column":2},"end":{"line":109,"column":3}},"type":"if","locations":[{"start":{"line":107,"column":2},"end":{"line":109,"column":3}}]},"5":{"loc":{"start":{"line":125,"column":2},"end":{"line":131,"column":3}},"type":"if","locations":[{"start":{"line":125,"column":2},"end":{"line":131,"column":3}},{"start":{"line":127,"column":9},"end":{"line":131,"column":3}}]},"6":{"loc":{"start":{"line":127,"column":9},"end":{"line":131,"column":3}},"type":"if","locations":[{"start":{"line":127,"column":9},"end":{"line":131,"column":3}},{"start":{"line":129,"column":9},"end":{"line":131,"column":3}}]},"7":{"loc":{"start":{"line":129,"column":9},"end":{"line":131,"column":3}},"type":"if","locations":[{"start":{"line":129,"column":9},"end":{"line":131,"column":3}}]},"8":{"loc":{"start":{"line":161,"column":2},"end":{"line":163,"column":3}},"type":"if","locations":[{"start":{"line":161,"column":2},"end":{"line":163,"column":3}}]}},"s":{"0":32,"1":32,"2":32,"3":32,"4":32,"5":32,"6":32,"7":32,"8":32,"9":430,"10":430,"11":430,"12":430,"13":14,"14":430,"15":32,"16":23,"17":23,"18":23,"19":7,"20":23,"21":32,"22":21,"23":21,"24":21,"25":13,"26":21,"27":32,"28":7,"29":7,"30":7,"31":4,"32":7,"33":32,"34":0,"35":0,"36":0,"37":0,"38":0,"39":32,"40":10,"41":10,"42":10,"43":10,"44":2,"45":8,"46":4,"47":4,"48":4,"49":10,"50":10,"51":10,"52":10,"53":32,"54":0,"55":0,"56":0,"57":0,"58":0,"59":32},"f":{"0":430,"1":23,"2":21,"3":7,"4":0,"5":10,"6":0},"b":{"0":[14],"1":[7],"2":[13],"3":[4],"4":[0],"5":[2,8],"6":[4,4],"7":[4],"8":[0]}}
,"/Users/kushagra/Desktop/UNSW/current_term/COMP1531/project-backend/tests/test_helpers/game.ts": {"path":"/Users/kushagra/Desktop/UNSW/current_term/COMP1531/project-backend/tests/test_helpers/game.ts","statementMap":{"0":{"start":{"line":1,"column":0},"end":{"line":1,"column":40}},"1":{"start":{"line":2,"column":0},"end":{"line":2,"column":43}},"2":{"start":{"line":4,"column":13},"end":{"line":4,"column":24}},"3":{"start":{"line":5,"column":12},"end":{"line":5,"column":22}},"4":{"start":{"line":7,"column":19},"end":{"line":7,"column":35}},"5":{"start":{"line":8,"column":19},"end":{"line":8,"column":27}},"6":{"start":{"line":15,"column":14},"end":{"line":19,"column":4}},"7":{"start":{"line":21,"column":15},"end":{"line":21,"column":46}},"8":{"start":{"line":22,"column":2},"end":{"line":24,"column":3}},"9":{"start":{"line":23,"column":4},"end":{"line":23,"column":37}},"10":{"start":{"line":26,"column":2},"end":{"line":26,"column":14}},"11":{"start":{"line":10,"column":0},"end":{"line":10,"column":16}},"12":{"start":{"line":34,"column":14},"end":{"line":37,"column":4}},"13":{"start":{"line":39,"column":15},"end":{"line":39,"column":46}},"14":{"start":{"line":40,"column":2},"end":{"line":42,"column":3}},"15":{"start":{"line":41,"column":4},"end":{"line":41,"column":37}},"16":{"start":{"line":44,"column":2},"end":{"line":44,"column":14}},"17":{"start":{"line":29,"column":0},"end":{"line":29,"column":16}},"18":{"start":{"line":53,"column":14},"end":{"line":57,"column":4}},"19":{"start":{"line":59,"column":15},"end":{"line":59,"column":46}},"20":{"start":{"line":60,"column":2},"end":{"line":62,"column":3}},"21":{"start":{"line":61,"column":4},"end":{"line":61,"column":37}},"22":{"start":{"line":64,"column":2},"end":{"line":64,"column":14}},"23":{"start":{"line":47,"column":0},"end":{"line":47,"column":16}},"24":{"start":{"line":72,"column":14},"end":{"line":75,"column":4}},"25":{"start":{"line":77,"column":15},"end":{"line":77,"column":46}},"26":{"start":{"line":78,"column":2},"end":{"line":80,"column":3}},"27":{"start":{"line":79,"column":4},"end":{"line":79,"column":37}},"28":{"start":{"line":82,"column":2},"end":{"line":82,"column":14}},"29":{"start":{"line":67,"column":0},"end":{"line":67,"column":16}}},"fnMap":{"0":{"name":"adminQuizGameStart","decl":{"start":{"line":10,"column":16},"end":{"line":10,"column":34}},"loc":{"start":{"line":13,"column":22},"end":{"line":27,"column":1}}},"1":{"name":"adminGameInfo","decl":{"start":{"line":29,"column":16},"end":{"line":29,"column":29}},"loc":{"start":{"line":32,"column":16},"end":{"line":45,"column":1}}},"2":{"name":"adminGameStateUpdate","decl":{"start":{"line":47,"column":16},"end":{"line":47,"column":36}},"loc":{"start":{"line":51,"column":16},"end":{"line":65,"column":1}}},"3":{"name":"adminGameResult","decl":{"start":{"line":67,"column":16},"end":{"line":67,"column":31}},"loc":{"start":{"line":70,"column":16},"end":{"line":83,"column":1}}}},"branchMap":{"0":{"loc":{"start":{"line":22,"column":2},"end":{"line":24,"column":3}},"type":"if","locations":[{"start":{"line":22,"column":2},"end":{"line":24,"column":3}}]},"1":{"loc":{"start":{"line":40,"column":2},"end":{"line":42,"column":3}},"type":"if","locations":[{"start":{"line":40,"column":2},"end":{"line":42,"column":3}}]},"2":{"loc":{"start":{"line":60,"column":2},"end":{"line":62,"column":3}},"type":"if","locations":[{"start":{"line":60,"column":2},"end":{"line":62,"column":3}}]},"3":{"loc":{"start":{"line":78,"column":2},"end":{"line":80,"column":3}},"type":"if","locations":[{"start":{"line":78,"column":2},"end":{"line":80,"column":3}}]}},"s":{"0":11,"1":11,"2":11,"3":11,"4":11,"5":11,"6":91,"7":91,"8":91,"9":0,"10":91,"11":11,"12":25,"13":25,"14":25,"15":5,"16":25,"17":11,"18":160,"19":160,"20":160,"21":27,"22":160,"23":11,"24":2,"25":2,"26":2,"27":0,"28":2,"29":11},"f":{"0":91,"1":25,"2":160,"3":2},"b":{"0":[0],"1":[5],"2":[27],"3":[0]}}
,"/Users/kushagra/Desktop/UNSW/current_term/COMP1531/project-backend/tests/test_helpers/interface.ts": {"path":"/Users/kushagra/Desktop/UNSW/current_term/COMP1531/project-backend/tests/test_helpers/interface.ts","statementMap":{"0":{"start":{"line":23,"column":0},"end":{"line":23,"column":null}},"1":{"start":{"line":24,"column":2},"end":{"line":24,"column":null}},"2":{"start":{"line":25,"column":2},"end":{"line":25,"column":null}},"3":{"start":{"line":26,"column":2},"end":{"line":26,"column":null}},"4":{"start":{"line":27,"column":2},"end":{"line":27,"column":null}},"5":{"start":{"line":28,"column":2},"end":{"line":28,"column":null}},"6":{"start":{"line":29,"column":2},"end":{"line":29,"column":null}},"7":{"start":{"line":30,"column":2},"end":{"line":30,"column":null}},"8":{"start":{"line":33,"column":0},"end":{"line":33,"column":null}},"9":{"start":{"line":34,"column":2},"end":{"line":34,"column":null}},"10":{"start":{"line":35,"column":2},"end":{"line":35,"column":null}},"11":{"start":{"line":36,"column":2},"end":{"line":36,"column":null}},"12":{"start":{"line":37,"column":2},"end":{"line":37,"column":null}},"13":{"start":{"line":38,"column":2},"end":{"line":38,"column":null}}},"fnMap":{"0":{"name":"(anonymous_0)","decl":{"start":{"line":23,"column":0},"end":{"line":23,"column":12}},"loc":{"start":{"line":23,"column":25},"end":{"line":31,"column":1}}},"1":{"name":"(anonymous_1)","decl":{"start":{"line":33,"column":0},"end":{"line":33,"column":12}},"loc":{"start":{"line":33,"column":18},"end":{"line":39,"column":1}}}},"branchMap":{"0":{"loc":{"start":{"line":23,"column":12},"end":{"line":23,"column":null}},"type":"binary-expr","locations":[{"start":{"line":23,"column":12},"end":{"line":23,"column":25}},{"start":{"line":23,"column":25},"end":{"line":23,"column":null}}]},"1":{"loc":{"start":{"line":33,"column":12},"end":{"line":33,"column":null}},"type":"binary-expr","locations":[{"start":{"line":33,"column":12},"end":{"line":33,"column":18}},{"start":{"line":33,"column":18},"end":{"line":33,"column":null}}]}},"s":{"0":7,"1":7,"2":7,"3":7,"4":7,"5":7,"6":7,"7":7,"8":7,"9":7,"10":7,"11":7,"12":7,"13":7},"f":{"0":7,"1":7},"b":{"0":[7,7],"1":[7,7]}}
,"/Users/kushagra/Desktop/UNSW/current_term/COMP1531/project-backend/tests/test_helpers/openEnd.ts": {"path":"/Users/kushagra/Desktop/UNSW/current_term/COMP1531/project-backend/tests/test_helpers/openEnd.ts","statementMap":{"0":{"start":{"line":1,"column":0},"end":{"line":1,"column":40}},"1":{"start":{"line":2,"column":0},"end":{"line":2,"column":43}},"2":{"start":{"line":4,"column":12},"end":{"line":4,"column":22}},"3":{"start":{"line":5,"column":13},"end":{"line":5,"column":24}},"4":{"start":{"line":6,"column":16},"end":{"line":6,"column":20}},"5":{"start":{"line":8,"column":19},"end":{"line":8,"column":46}},"6":{"start":{"line":10,"column":19},"end":{"line":10,"column":41}},"7":{"start":{"line":12,"column":17},"end":{"line":12,"column":43}},"8":{"start":{"line":13,"column":19},"end":{"line":13,"column":27}},"9":{"start":{"line":19,"column":14},"end":{"line":22,"column":null}},"10":{"start":{"line":25,"column":15},"end":{"line":25,"column":46}},"11":{"start":{"line":26,"column":2},"end":{"line":28,"column":3}},"12":{"start":{"line":27,"column":4},"end":{"line":27,"column":37}},"13":{"start":{"line":30,"column":2},"end":{"line":30,"column":14}},"14":{"start":{"line":15,"column":0},"end":{"line":15,"column":16}},"15":{"start":{"line":38,"column":19},"end":{"line":42,"column":4}},"16":{"start":{"line":44,"column":20},"end":{"line":44,"column":56}},"17":{"start":{"line":46,"column":2},"end":{"line":48,"column":3}},"18":{"start":{"line":47,"column":4},"end":{"line":47,"column":41}},"19":{"start":{"line":49,"column":2},"end":{"line":49,"column":19}},"20":{"start":{"line":33,"column":0},"end":{"line":33,"column":16}}},"fnMap":{"0":{"name":"playerAnswerExplanation","decl":{"start":{"line":15,"column":16},"end":{"line":15,"column":39}},"loc":{"start":{"line":17,"column":26},"end":{"line":31,"column":1}}},"1":{"name":"addQuizContributor","decl":{"start":{"line":33,"column":16},"end":{"line":33,"column":34}},"loc":{"start":{"line":36,"column":15},"end":{"line":50,"column":1}}}},"branchMap":{"0":{"loc":{"start":{"line":26,"column":2},"end":{"line":28,"column":3}},"type":"if","locations":[{"start":{"line":26,"column":2},"end":{"line":28,"column":3}}]},"1":{"loc":{"start":{"line":46,"column":2},"end":{"line":48,"column":3}},"type":"if","locations":[{"start":{"line":46,"column":2},"end":{"line":48,"column":3}}]}},"s":{"0":2,"1":2,"2":2,"3":2,"4":2,"5":2,"6":2,"7":2,"8":2,"9":5,"10":5,"11":5,"12":4,"13":5,"14":2,"15":20,"16":20,"17":20,"18":8,"19":20,"20":2},"f":{"0":5,"1":20},"b":{"0":[4],"1":[8]}}
,"/Users/kushagra/Desktop/UNSW/current_term/COMP1531/project-backend/tests/test_helpers/other.ts": {"path":"/Users/kushagra/Desktop/UNSW/current_term/COMP1531/project-backend/tests/test_helpers/other.ts","statementMap":{"0":{"start":{"line":2,"column":0},"end":{"line":2,"column":40}},"1":{"start":{"line":3,"column":0},"end":{"line":3,"column":43}},"2":{"start":{"line":8,"column":12},"end":{"line":8,"column":22}},"3":{"start":{"line":9,"column":13},"end":{"line":9,"column":24}},"4":{"start":{"line":10,"column":16},"end":{"line":10,"column":20}},"5":{"start":{"line":12,"column":19},"end":{"line":12,"column":46}},"6":{"start":{"line":13,"column":19},"end":{"line":13,"column":27}},"7":{"start":{"line":16,"column":19},"end":{"line":16,"column":84}},"8":{"start":{"line":17,"column":2},"end":{"line":17,"column":46}},"9":{"start":{"line":15,"column":0},"end":{"line":15,"column":16}}},"fnMap":{"0":{"name":"clear","decl":{"start":{"line":15,"column":16},"end":{"line":15,"column":21}},"loc":{"start":{"line":15,"column":21},"end":{"line":18,"column":1}}}},"branchMap":{},"s":{"0":39,"1":39,"2":39,"3":39,"4":39,"5":39,"6":39,"7":435,"8":435,"9":39},"f":{"0":435},"b":{}}
,"/Users/kushagra/Desktop/UNSW/current_term/COMP1531/project-backend/tests/test_helpers/player.ts": {"path":"/Users/kushagra/Desktop/UNSW/current_term/COMP1531/project-backend/tests/test_helpers/player.ts","statementMap":{"0":{"start":{"line":2,"column":0},"end":{"line":2,"column":40}},"1":{"start":{"line":3,"column":0},"end":{"line":3,"column":43}},"2":{"start":{"line":5,"column":12},"end":{"line":5,"column":22}},"3":{"start":{"line":6,"column":13},"end":{"line":6,"column":24}},"4":{"start":{"line":7,"column":16},"end":{"line":7,"column":20}},"5":{"start":{"line":9,"column":19},"end":{"line":9,"column":46}},"6":{"start":{"line":10,"column":19},"end":{"line":10,"column":27}},"7":{"start":{"line":13,"column":19},"end":{"line":13,"column":41}},"8":{"start":{"line":19,"column":14},"end":{"line":22,"column":4}},"9":{"start":{"line":24,"column":15},"end":{"line":24,"column":46}},"10":{"start":{"line":25,"column":2},"end":{"line":27,"column":3}},"11":{"start":{"line":26,"column":4},"end":{"line":26,"column":37}},"12":{"start":{"line":29,"column":2},"end":{"line":29,"column":14}},"13":{"start":{"line":15,"column":0},"end":{"line":15,"column":16}},"14":{"start":{"line":35,"column":14},"end":{"line":37,"column":4}},"15":{"start":{"line":39,"column":15},"end":{"line":39,"column":46}},"16":{"start":{"line":40,"column":2},"end":{"line":42,"column":3}},"17":{"start":{"line":41,"column":4},"end":{"line":41,"column":37}},"18":{"start":{"line":44,"column":2},"end":{"line":44,"column":14}},"19":{"start":{"line":32,"column":0},"end":{"line":32,"column":16}},"20":{"start":{"line":51,"column":14},"end":{"line":53,"column":4}},"21":{"start":{"line":55,"column":15},"end":{"line":55,"column":46}},"22":{"start":{"line":56,"column":2},"end":{"line":58,"column":3}},"23":{"start":{"line":57,"column":4},"end":{"line":57,"column":37}},"24":{"start":{"line":60,"column":2},"end":{"line":60,"column":14}},"25":{"start":{"line":47,"column":0},"end":{"line":47,"column":16}},"26":{"start":{"line":68,"column":14},"end":{"line":71,"column":4}},"27":{"start":{"line":73,"column":15},"end":{"line":73,"column":46}},"28":{"start":{"line":74,"column":2},"end":{"line":76,"column":3}},"29":{"start":{"line":75,"column":4},"end":{"line":75,"column":37}},"30":{"start":{"line":78,"column":2},"end":{"line":78,"column":14}},"31":{"start":{"line":63,"column":0},"end":{"line":63,"column":16}},"32":{"start":{"line":85,"column":14},"end":{"line":88,"column":null}},"33":{"start":{"line":91,"column":15},"end":{"line":91,"column":46}},"34":{"start":{"line":93,"column":2},"end":{"line":95,"column":3}},"35":{"start":{"line":94,"column":4},"end":{"line":94,"column":37}},"36":{"start":{"line":96,"column":2},"end":{"line":96,"column":14}},"37":{"start":{"line":81,"column":0},"end":{"line":81,"column":16}}},"fnMap":{"0":{"name":"adminPlayerJoin","decl":{"start":{"line":15,"column":16},"end":{"line":15,"column":31}},"loc":{"start":{"line":17,"column":20},"end":{"line":30,"column":1}}},"1":{"name":"adminPlayerStatus","decl":{"start":{"line":32,"column":16},"end":{"line":32,"column":33}},"loc":{"start":{"line":33,"column":18},"end":{"line":45,"column":1}}},"2":{"name":"adminPlayerQuestionInfo","decl":{"start":{"line":47,"column":16},"end":{"line":47,"column":39}},"loc":{"start":{"line":49,"column":26},"end":{"line":61,"column":1}}},"3":{"name":"playerSubmission","decl":{"start":{"line":63,"column":16},"end":{"line":63,"column":32}},"loc":{"start":{"line":66,"column":21},"end":{"line":79,"column":1}}},"4":{"name":"adminQuestionResults","decl":{"start":{"line":81,"column":16},"end":{"line":81,"column":36}},"loc":{"start":{"line":83,"column":26},"end":{"line":97,"column":1}}}},"branchMap":{"0":{"loc":{"start":{"line":25,"column":2},"end":{"line":27,"column":3}},"type":"if","locations":[{"start":{"line":25,"column":2},"end":{"line":27,"column":3}}]},"1":{"loc":{"start":{"line":40,"column":2},"end":{"line":42,"column":3}},"type":"if","locations":[{"start":{"line":40,"column":2},"end":{"line":42,"column":3}}]},"2":{"loc":{"start":{"line":56,"column":2},"end":{"line":58,"column":3}},"type":"if","locations":[{"start":{"line":56,"column":2},"end":{"line":58,"column":3}}]},"3":{"loc":{"start":{"line":74,"column":2},"end":{"line":76,"column":3}},"type":"if","locations":[{"start":{"line":74,"column":2},"end":{"line":76,"column":3}}]},"4":{"loc":{"start":{"line":93,"column":2},"end":{"line":95,"column":3}},"type":"if","locations":[{"start":{"line":93,"column":2},"end":{"line":95,"column":3}}]}},"s":{"0":9,"1":9,"2":9,"3":9,"4":9,"5":9,"6":9,"7":9,"8":108,"9":108,"10":108,"11":6,"12":108,"13":9,"14":2,"15":2,"16":2,"17":1,"18":2,"19":9,"20":10,"21":10,"22":10,"23":8,"24":10,"25":9,"26":17,"27":17,"28":17,"29":7,"30":17,"31":9,"32":5,"33":5,"34":5,"35":4,"36":5,"37":9},"f":{"0":108,"1":2,"2":10,"3":17,"4":5},"b":{"0":[6],"1":[1],"2":[8],"3":[7],"4":[4]}}
,"/Users/kushagra/Desktop/UNSW/current_term/COMP1531/project-backend/tests/test_helpers/quiz.ts": {"path":"/Users/kushagra/Desktop/UNSW/current_term/COMP1531/project-backend/tests/test_helpers/quiz.ts","statementMap":{"0":{"start":{"line":1,"column":0},"end":{"line":1,"column":40}},"1":{"start":{"line":2,"column":0},"end":{"line":2,"column":43}},"2":{"start":{"line":7,"column":13},"end":{"line":7,"column":24}},"3":{"start":{"line":8,"column":12},"end":{"line":8,"column":22}},"4":{"start":{"line":10,"column":19},"end":{"line":10,"column":35}},"5":{"start":{"line":11,"column":19},"end":{"line":11,"column":27}},"6":{"start":{"line":14,"column":18},"end":{"line":14,"column":29}},"7":{"start":{"line":15,"column":14},"end":{"line":18,"column":4}},"8":{"start":{"line":20,"column":15},"end":{"line":20,"column":46}},"9":{"start":{"line":21,"column":2},"end":{"line":23,"column":3}},"10":{"start":{"line":22,"column":4},"end":{"line":22,"column":37}},"11":{"start":{"line":25,"column":2},"end":{"line":25,"column":14}},"12":{"start":{"line":13,"column":0},"end":{"line":13,"column":16}},"13":{"start":{"line":33,"column":18},"end":{"line":33,"column":29}},"14":{"start":{"line":34,"column":14},"end":{"line":38,"column":4}},"15":{"start":{"line":40,"column":15},"end":{"line":40,"column":46}},"16":{"start":{"line":41,"column":2},"end":{"line":43,"column":3}},"17":{"start":{"line":42,"column":4},"end":{"line":42,"column":37}},"18":{"start":{"line":45,"column":2},"end":{"line":45,"column":14}},"19":{"start":{"line":28,"column":0},"end":{"line":28,"column":16}},"20":{"start":{"line":53,"column":14},"end":{"line":60,"column":null}},"21":{"start":{"line":63,"column":15},"end":{"line":63,"column":46}},"22":{"start":{"line":64,"column":2},"end":{"line":66,"column":3}},"23":{"start":{"line":65,"column":4},"end":{"line":65,"column":37}},"24":{"start":{"line":68,"column":2},"end":{"line":68,"column":14}},"25":{"start":{"line":48,"column":0},"end":{"line":48,"column":16}},"26":{"start":{"line":72,"column":18},"end":{"line":72,"column":29}},"27":{"start":{"line":73,"column":14},"end":{"line":76,"column":4}},"28":{"start":{"line":78,"column":15},"end":{"line":78,"column":46}},"29":{"start":{"line":79,"column":2},"end":{"line":82,"column":3}},"30":{"start":{"line":80,"column":4},"end":{"line":80,"column":31}},"31":{"start":{"line":84,"column":2},"end":{"line":84,"column":14}},"32":{"start":{"line":71,"column":0},"end":{"line":71,"column":16}},"33":{"start":{"line":88,"column":18},"end":{"line":88,"column":29}},"34":{"start":{"line":89,"column":14},"end":{"line":92,"column":4}},"35":{"start":{"line":94,"column":15},"end":{"line":94,"column":46}},"36":{"start":{"line":95,"column":2},"end":{"line":100,"column":3}},"37":{"start":{"line":96,"column":4},"end":{"line":98,"column":5}},"38":{"start":{"line":97,"column":6},"end":{"line":97,"column":33}},"39":{"start":{"line":99,"column":4},"end":{"line":99,"column":16}},"40":{"start":{"line":101,"column":2},"end":{"line":101,"column":14}},"41":{"start":{"line":87,"column":0},"end":{"line":87,"column":16}},"42":{"start":{"line":109,"column":14},"end":{"line":115,"column":null}},"43":{"start":{"line":118,"column":15},"end":{"line":118,"column":46}},"44":{"start":{"line":119,"column":2},"end":{"line":121,"column":3}},"45":{"start":{"line":120,"column":4},"end":{"line":120,"column":37}},"46":{"start":{"line":123,"column":2},"end":{"line":123,"column":14}},"47":{"start":{"line":104,"column":0},"end":{"line":104,"column":16}},"48":{"start":{"line":132,"column":19},"end":{"line":139,"column":null}},"49":{"start":{"line":142,"column":20},"end":{"line":142,"column":56}},"50":{"start":{"line":144,"column":2},"end":{"line":146,"column":3}},"51":{"start":{"line":145,"column":4},"end":{"line":145,"column":41}},"52":{"start":{"line":147,"column":2},"end":{"line":147,"column":19}},"53":{"start":{"line":126,"column":0},"end":{"line":126,"column":16}},"54":{"start":{"line":151,"column":19},"end":{"line":157,"column":null}},"55":{"start":{"line":160,"column":15},"end":{"line":160,"column":51}},"56":{"start":{"line":161,"column":2},"end":{"line":163,"column":3}},"57":{"start":{"line":162,"column":4},"end":{"line":162,"column":42}},"58":{"start":{"line":165,"column":2},"end":{"line":165,"column":14}},"59":{"start":{"line":150,"column":0},"end":{"line":150,"column":16}},"60":{"start":{"line":173,"column":14},"end":{"line":180,"column":null}},"61":{"start":{"line":183,"column":15},"end":{"line":183,"column":46}},"62":{"start":{"line":184,"column":2},"end":{"line":186,"column":3}},"63":{"start":{"line":185,"column":4},"end":{"line":185,"column":37}},"64":{"start":{"line":188,"column":2},"end":{"line":188,"column":14}},"65":{"start":{"line":168,"column":0},"end":{"line":168,"column":16}},"66":{"start":{"line":196,"column":14},"end":{"line":202,"column":null}},"67":{"start":{"line":205,"column":15},"end":{"line":205,"column":46}},"68":{"start":{"line":206,"column":2},"end":{"line":208,"column":3}},"69":{"start":{"line":207,"column":4},"end":{"line":207,"column":37}},"70":{"start":{"line":210,"column":2},"end":{"line":210,"column":14}},"71":{"start":{"line":191,"column":0},"end":{"line":191,"column":16}},"72":{"start":{"line":218,"column":14},"end":{"line":225,"column":null}},"73":{"start":{"line":228,"column":15},"end":{"line":228,"column":46}},"74":{"start":{"line":229,"column":2},"end":{"line":231,"column":3}},"75":{"start":{"line":230,"column":4},"end":{"line":230,"column":37}},"76":{"start":{"line":233,"column":2},"end":{"line":233,"column":14}},"77":{"start":{"line":213,"column":0},"end":{"line":213,"column":16}},"78":{"start":{"line":237,"column":14},"end":{"line":240,"column":4}},"79":{"start":{"line":242,"column":15},"end":{"line":242,"column":46}},"80":{"start":{"line":243,"column":2},"end":{"line":245,"column":3}},"81":{"start":{"line":244,"column":4},"end":{"line":244,"column":37}},"82":{"start":{"line":247,"column":2},"end":{"line":247,"column":14}},"83":{"start":{"line":236,"column":0},"end":{"line":236,"column":16}},"84":{"start":{"line":251,"column":18},"end":{"line":251,"column":29}},"85":{"start":{"line":252,"column":14},"end":{"line":255,"column":4}},"86":{"start":{"line":258,"column":15},"end":{"line":258,"column":46}},"87":{"start":{"line":259,"column":2},"end":{"line":261,"column":3}},"88":{"start":{"line":260,"column":4},"end":{"line":260,"column":37}},"89":{"start":{"line":262,"column":2},"end":{"line":262,"column":14}},"90":{"start":{"line":250,"column":0},"end":{"line":250,"column":16}},"91":{"start":{"line":272,"column":14},"end":{"line":282,"column":null}},"92":{"start":{"line":284,"column":15},"end":{"line":284,"column":46}},"93":{"start":{"line":285,"column":2},"end":{"line":287,"column":3}},"94":{"start":{"line":286,"column":4},"end":{"line":286,"column":37}},"95":{"start":{"line":288,"column":2},"end":{"line":288,"column":14}},"96":{"start":{"line":265,"column":0},"end":{"line":265,"column":16}}},"fnMap":{"0":{"name":"adminQuizList","decl":{"start":{"line":13,"column":16},"end":{"line":13,"column":29}},"loc":{"start":{"line":13,"column":45},"end":{"line":26,"column":1}}},"1":{"name":"adminQuizCreate","decl":{"start":{"line":28,"column":16},"end":{"line":28,"column":31}},"loc":{"start":{"line":31,"column":21},"end":{"line":46,"column":1}}},"2":{"name":"adminQuestionCreate","decl":{"start":{"line":48,"column":16},"end":{"line":48,"column":35}},"loc":{"start":{"line":51,"column":28},"end":{"line":69,"column":1}}},"3":{"name":"adminQuizInfo","decl":{"start":{"line":71,"column":16},"end":{"line":71,"column":29}},"loc":{"start":{"line":71,"column":61},"end":{"line":85,"column":1}}},"4":{"name":"adminQuizRemove","decl":{"start":{"line":87,"column":16},"end":{"line":87,"column":31}},"loc":{"start":{"line":87,"column":63},"end":{"line":102,"column":1}}},"5":{"name":"adminQuestionDelete","decl":{"start":{"line":104,"column":16},"end":{"line":104,"column":35}},"loc":{"start":{"line":107,"column":20},"end":{"line":124,"column":1}}},"6":{"name":"adminQuizMove","decl":{"start":{"line":126,"column":16},"end":{"line":126,"column":29}},"loc":{"start":{"line":130,"column":21},"end":{"line":148,"column":1}}},"7":{"name":"getQuestionSuggestion","decl":{"start":{"line":150,"column":16},"end":{"line":150,"column":37}},"loc":{"start":{"line":150,"column":69},"end":{"line":166,"column":1}}},"8":{"name":"adminQuestionCreateV2","decl":{"start":{"line":168,"column":16},"end":{"line":168,"column":37}},"loc":{"start":{"line":171,"column":28},"end":{"line":189,"column":1}}},"9":{"name":"adminQuestionDeleteV2","decl":{"start":{"line":191,"column":16},"end":{"line":191,"column":37}},"loc":{"start":{"line":194,"column":20},"end":{"line":211,"column":1}}},"10":{"name":"adminQuizThumbnail","decl":{"start":{"line":213,"column":16},"end":{"line":213,"column":34}},"loc":{"start":{"line":216,"column":22},"end":{"line":234,"column":1}}},"11":{"name":"adminQuizRemoveV2","decl":{"start":{"line":236,"column":16},"end":{"line":236,"column":33}},"loc":{"start":{"line":236,"column":65},"end":{"line":248,"column":1}}},"12":{"name":"adminQuizInfoV2","decl":{"start":{"line":250,"column":16},"end":{"line":250,"column":31}},"loc":{"start":{"line":250,"column":63},"end":{"line":263,"column":1}}},"13":{"name":"adminQuizQuestionUpdate","decl":{"start":{"line":265,"column":16},"end":{"line":265,"column":39}},"loc":{"start":{"line":270,"column":22},"end":{"line":289,"column":1}}}},"branchMap":{"0":{"loc":{"start":{"line":21,"column":2},"end":{"line":23,"column":3}},"type":"if","locations":[{"start":{"line":21,"column":2},"end":{"line":23,"column":3}}]},"1":{"loc":{"start":{"line":41,"column":2},"end":{"line":43,"column":3}},"type":"if","locations":[{"start":{"line":41,"column":2},"end":{"line":43,"column":3}}]},"2":{"loc":{"start":{"line":64,"column":2},"end":{"line":66,"column":3}},"type":"if","locations":[{"start":{"line":64,"column":2},"end":{"line":66,"column":3}}]},"3":{"loc":{"start":{"line":79,"column":2},"end":{"line":82,"column":3}},"type":"if","locations":[{"start":{"line":79,"column":2},"end":{"line":82,"column":3}}]},"4":{"loc":{"start":{"line":95,"column":2},"end":{"line":100,"column":3}},"type":"if","locations":[{"start":{"line":95,"column":2},"end":{"line":100,"column":3}}]},"5":{"loc":{"start":{"line":96,"column":4},"end":{"line":98,"column":5}},"type":"if","locations":[{"start":{"line":96,"column":4},"end":{"line":98,"column":5}}]},"6":{"loc":{"start":{"line":119,"column":2},"end":{"line":121,"column":3}},"type":"if","locations":[{"start":{"line":119,"column":2},"end":{"line":121,"column":3}}]},"7":{"loc":{"start":{"line":144,"column":2},"end":{"line":146,"column":3}},"type":"if","locations":[{"start":{"line":144,"column":2},"end":{"line":146,"column":3}}]},"8":{"loc":{"start":{"line":161,"column":2},"end":{"line":163,"column":3}},"type":"if","locations":[{"start":{"line":161,"column":2},"end":{"line":163,"column":3}}]},"9":{"loc":{"start":{"line":184,"column":2},"end":{"line":186,"column":3}},"type":"if","locations":[{"start":{"line":184,"column":2},"end":{"line":186,"column":3}}]},"10":{"loc":{"start":{"line":206,"column":2},"end":{"line":208,"column":3}},"type":"if","locations":[{"start":{"line":206,"column":2},"end":{"line":208,"column":3}}]},"11":{"loc":{"start":{"line":229,"column":2},"end":{"line":231,"column":3}},"type":"if","locations":[{"start":{"line":229,"column":2},"end":{"line":231,"column":3}}]},"12":{"loc":{"start":{"line":243,"column":2},"end":{"line":245,"column":3}},"type":"if","locations":[{"start":{"line":243,"column":2},"end":{"line":245,"column":3}}]},"13":{"loc":{"start":{"line":259,"column":2},"end":{"line":261,"column":3}},"type":"if","locations":[{"start":{"line":259,"column":2},"end":{"line":261,"column":3}}]},"14":{"loc":{"start":{"line":285,"column":2},"end":{"line":287,"column":3}},"type":"if","locations":[{"start":{"line":285,"column":2},"end":{"line":287,"column":3}}]}},"s":{"0":28,"1":28,"2":28,"3":28,"4":28,"5":28,"6":9,"7":9,"8":9,"9":9,"10":2,"11":9,"12":28,"13":355,"14":355,"15":355,"16":355,"17":9,"18":355,"19":28,"20":64,"21":64,"22":64,"23":20,"24":64,"25":28,"26":19,"27":19,"28":19,"29":19,"30":5,"31":19,"32":28,"33":5,"34":5,"35":5,"36":5,"37":4,"38":4,"39":4,"40":1,"41":28,"42":7,"43":7,"44":7,"45":5,"46":7,"47":28,"48":16,"49":16,"50":16,"51":11,"52":16,"53":28,"54":4,"55":4,"56":4,"57":3,"58":4,"59":28,"60":200,"61":200,"62":200,"63":23,"64":200,"65":28,"66":9,"67":9,"68":9,"69":6,"70":9,"71":28,"72":35,"73":35,"74":35,"75":6,"76":35,"77":28,"78":6,"79":6,"80":6,"81":5,"82":6,"83":28,"84":12,"85":12,"86":12,"87":12,"88":5,"89":12,"90":28,"91":1,"92":1,"93":1,"94":0,"95":1,"96":28},"f":{"0":9,"1":355,"2":64,"3":19,"4":5,"5":7,"6":16,"7":4,"8":200,"9":9,"10":35,"11":6,"12":12,"13":1},"b":{"0":[2],"1":[9],"2":[20],"3":[5],"4":[4],"5":[4],"6":[5],"7":[11],"8":[3],"9":[23],"10":[6],"11":[6],"12":[5],"13":[5],"14":[0]}}
}
