TN:
SF:src/server.ts
FN:66,(anonymous_7)
FN:81,(anonymous_8)
FN:97,(anonymous_9)
FN:98,(anonymous_10)
FN:106,(anonymous_11)
FN:107,(anonymous_12)
FN:121,(anonymous_13)
FN:122,(anonymous_14)
FN:136,(anonymous_15)
FN:137,(anonymous_16)
FN:145,(anonymous_17)
FN:146,(anonymous_18)
FN:154,(anonymous_19)
FN:155,(anonymous_20)
FN:163,(anonymous_21)
FN:164,(anonymous_22)
FN:172,(anonymous_23)
FN:173,(anonymous_24)
FN:190,(anonymous_25)
FN:191,(anonymous_26)
FN:208,(anonymous_27)
FN:209,(anonymous_28)
FN:225,(anonymous_29)
FN:226,(anonymous_30)
FN:243,(anonymous_31)
FN:244,(anonymous_32)
FN:262,(anonymous_33)
FN:263,(anonymous_34)
FN:278,(anonymous_35)
FN:279,(anonymous_36)
FN:295,(anonymous_37)
FN:296,(anonymous_38)
FN:313,(anonymous_39)
FN:314,(anonymous_40)
FN:324,(anonymous_41)
FN:325,(anonymous_42)
FN:334,(anonymous_43)
FN:335,(anonymous_44)
FN:344,(anonymous_45)
FN:347,(anonymous_46)
FN:360,(anonymous_47)
FN:361,(anonymous_48)
FN:380,(anonymous_49)
FN:381,(anonymous_50)
FN:400,(anonymous_51)
FN:401,(anonymous_52)
FN:409,(anonymous_53)
FN:410,(anonymous_54)
FN:425,(anonymous_55)
FN:426,(anonymous_56)
FN:437,(anonymous_57)
FN:442,(anonymous_58)
FN:449,(anonymous_59)
FN:455,(anonymous_60)
FN:456,(anonymous_61)
FN:464,(anonymous_62)
FN:465,(anonymous_63)
FN:475,(anonymous_64)
FN:476,(anonymous_65)
FN:485,(anonymous_66)
FN:490,(anonymous_67)
FN:496,(anonymous_68)
FN:497,(anonymous_69)
FN:509,(anonymous_70)
FN:514,(anonymous_71)
FN:520,(anonymous_72)
FN:521,(anonymous_73)
FN:538,(anonymous_74)
FN:539,(anonymous_75)
FN:553,(anonymous_76)
FN:554,(anonymous_77)
FN:568,(anonymous_78)
FN:569,(anonymous_79)
FN:577,(anonymous_80)
FN:582,(anonymous_81)
FN:590,(anonymous_82)
FN:590,(anonymous_83)
FN:599,(anonymous_84)
FN:602,(anonymous_85)
FN:611,(anonymous_86)
FN:627,(anonymous_87)
FN:634,(anonymous_88)
FN:635,(anonymous_89)
FNF:83
FNH:82
FNDA:0,(anonymous_7)
FNDA:2,(anonymous_8)
FNDA:529,(anonymous_9)
FNDA:529,(anonymous_10)
FNDA:21,(anonymous_11)
FNDA:21,(anonymous_12)
FNDA:7,(anonymous_13)
FNDA:7,(anonymous_14)
FNDA:24,(anonymous_15)
FNDA:24,(anonymous_16)
FNDA:13,(anonymous_17)
FNDA:13,(anonymous_18)
FNDA:15,(anonymous_19)
FNDA:15,(anonymous_20)
FNDA:12,(anonymous_21)
FNDA:12,(anonymous_22)
FNDA:415,(anonymous_23)
FNDA:415,(anonymous_24)
FNDA:5,(anonymous_25)
FNDA:5,(anonymous_26)
FNDA:6,(anonymous_27)
FNDA:6,(anonymous_28)
FNDA:33,(anonymous_29)
FNDA:33,(anonymous_30)
FNDA:12,(anonymous_31)
FNDA:12,(anonymous_32)
FNDA:5,(anonymous_33)
FNDA:5,(anonymous_34)
FNDA:14,(anonymous_35)
FNDA:14,(anonymous_36)
FNDA:20,(anonymous_37)
FNDA:20,(anonymous_38)
FNDA:10,(anonymous_39)
FNDA:10,(anonymous_40)
FNDA:6,(anonymous_41)
FNDA:6,(anonymous_42)
FNDA:128,(anonymous_43)
FNDA:128,(anonymous_44)
FNDA:4,(anonymous_45)
FNDA:4,(anonymous_46)
FNDA:27,(anonymous_47)
FNDA:27,(anonymous_48)
FNDA:37,(anonymous_49)
FNDA:37,(anonymous_50)
FNDA:13,(anonymous_51)
FNDA:13,(anonymous_52)
FNDA:7,(anonymous_53)
FNDA:7,(anonymous_54)
FNDA:16,(anonymous_55)
FNDA:16,(anonymous_56)
FNDA:148,(anonymous_57)
FNDA:148,(anonymous_58)
FNDA:435,(anonymous_59)
FNDA:242,(anonymous_60)
FNDA:242,(anonymous_61)
FNDA:35,(anonymous_62)
FNDA:35,(anonymous_63)
FNDA:9,(anonymous_64)
FNDA:9,(anonymous_65)
FNDA:25,(anonymous_66)
FNDA:25,(anonymous_67)
FNDA:8,(anonymous_68)
FNDA:8,(anonymous_69)
FNDA:197,(anonymous_70)
FNDA:197,(anonymous_71)
FNDA:7,(anonymous_72)
FNDA:7,(anonymous_73)
FNDA:108,(anonymous_74)
FNDA:108,(anonymous_75)
FNDA:2,(anonymous_76)
FNDA:2,(anonymous_77)
FNDA:10,(anonymous_78)
FNDA:10,(anonymous_79)
FNDA:17,(anonymous_80)
FNDA:17,(anonymous_81)
FNDA:3,(anonymous_82)
FNDA:3,(anonymous_83)
FNDA:5,(anonymous_84)
FNDA:5,(anonymous_85)
FNDA:1,(anonymous_86)
FNDA:1,(anonymous_87)
FNDA:1,(anonymous_88)
FNDA:1,(anonymous_89)
DA:1,1
DA:2,1
DA:3,1
DA:4,1
DA:5,1
DA:6,1
DA:7,1
DA:8,1
DA:9,1
DA:10,1
DA:11,1
DA:12,1
DA:29,1
DA:37,1
DA:38,1
DA:45,1
DA:53,1
DA:54,1
DA:57,1
DA:59,1
DA:61,1
DA:63,1
DA:65,1
DA:66,1
DA:67,1
DA:71,1
DA:72,1
DA:81,1
DA:82,2
DA:83,2
DA:84,1
DA:87,2
DA:97,1
DA:98,529
DA:99,529
DA:100,529
DA:101,515
DA:106,1
DA:107,21
DA:108,21
DA:109,21
DA:110,8
DA:121,1
DA:122,7
DA:123,7
DA:124,7
DA:125,3
DA:136,1
DA:137,24
DA:138,24
DA:139,24
DA:140,17
DA:145,1
DA:146,13
DA:147,13
DA:148,13
DA:149,13
DA:154,1
DA:155,15
DA:156,15
DA:157,15
DA:158,15
DA:163,1
DA:164,12
DA:165,12
DA:166,12
DA:167,10
DA:172,1
DA:173,415
DA:174,415
DA:175,415
DA:176,415
DA:177,406
DA:190,1
DA:191,5
DA:192,5
DA:193,5
DA:194,5
DA:195,1
DA:208,1
DA:209,6
DA:210,6
DA:211,6
DA:212,6
DA:225,1
DA:226,33
DA:227,33
DA:228,33
DA:229,33
DA:230,28
DA:243,1
DA:244,12
DA:245,12
DA:246,12
DA:247,12
DA:260,1
DA:263,5
DA:264,5
DA:265,5
DA:266,5
DA:278,1
DA:279,14
DA:280,14
DA:295,1
DA:296,20
DA:297,20
DA:298,20
DA:299,20
DA:300,20
DA:301,12
DA:313,1
DA:314,10
DA:315,10
DA:324,1
DA:325,6
DA:326,6
DA:327,6
DA:328,6
DA:329,6
DA:334,1
DA:335,128
DA:336,128
DA:337,128
DA:338,128
DA:339,128
DA:344,1
DA:345,4
DA:346,4
DA:347,4
DA:348,4
DA:360,1
DA:361,27
DA:362,27
DA:368,11
DA:380,1
DA:381,37
DA:382,37
DA:388,17
DA:400,1
DA:401,13
DA:402,13
DA:403,13
DA:404,13
DA:409,1
DA:410,7
DA:411,7
DA:412,7
DA:413,7
DA:414,7
DA:425,1
DA:426,16
DA:427,16
DA:428,16
DA:429,16
DA:430,16
DA:431,16
DA:432,5
DA:437,1
DA:438,148
DA:439,148
DA:440,148
DA:442,148
DA:443,148
DA:444,141
DA:449,1
DA:450,435
DA:451,435
DA:455,1
DA:456,242
DA:457,242
DA:458,242
DA:459,242
DA:460,242
DA:464,1
DA:465,35
DA:466,35
DA:467,35
DA:468,35
DA:469,35
DA:470,29
DA:475,1
DA:476,9
DA:477,9
DA:478,9
DA:479,9
DA:480,9
DA:485,1
DA:486,25
DA:487,25
DA:488,25
DA:490,25
DA:491,25
DA:496,1
DA:497,8
DA:498,8
DA:499,8
DA:500,8
DA:502,8
DA:504,1
DA:509,1
DA:510,197
DA:511,197
DA:512,197
DA:513,197
DA:514,197
DA:515,197
DA:520,1
DA:521,7
DA:522,7
DA:523,7
DA:524,7
DA:526,7
DA:527,3
DA:538,1
DA:539,108
DA:540,108
DA:541,108
DA:542,102
DA:553,1
DA:554,2
DA:555,2
DA:556,2
DA:557,1
DA:568,1
DA:569,10
DA:570,10
DA:571,10
DA:572,10
DA:573,2
DA:577,1
DA:578,17
DA:579,17
DA:580,17
DA:582,17
DA:583,17
DA:588,1
DA:590,3
DA:591,3
DA:592,3
DA:593,1
DA:598,1
DA:600,5
DA:601,5
DA:602,5
DA:603,5
DA:611,1
DA:612,1
DA:623,1
DA:627,1
DA:629,1
DA:630,1
DA:634,1
DA:635,1
DA:636,1
DA:637,1
LF:255
LH:255
BRDA:68,0,0,0
BRDA:68,0,1,1
BRDA:71,1,0,1
BRDA:71,1,1,1
BRDA:72,2,0,1
BRDA:72,2,1,1
BRDA:83,3,0,1
BRF:7
BRH:6
end_of_record
TN:
SF:src/backend/auth.ts
FN:39,adminAuthRegister
FN:107,adminAuthLogin
FN:113,(anonymous_2)
FN:146,adminAuthLogout
FN:150,(anonymous_4)
FN:157,(anonymous_5)
FN:171,adminUserDetails
FN:177,(anonymous_7)
FN:183,(anonymous_8)
FN:205,adminUserPasswordUpdate
FN:212,(anonymous_10)
FN:218,(anonymous_11)
FN:259,adminUserDetailsUpdate
FN:267,(anonymous_13)
FN:273,(anonymous_14)
FN:280,(anonymous_15)
FNF:16
FNH:16
FNDA:529,adminAuthRegister
FNDA:21,adminAuthLogin
FNDA:18,(anonymous_2)
FNDA:7,adminAuthLogout
FNDA:9,(anonymous_4)
FNDA:5,(anonymous_5)
FNDA:24,adminUserDetails
FNDA:30,(anonymous_7)
FNDA:22,(anonymous_8)
FNDA:15,adminUserPasswordUpdate
FNDA:15,(anonymous_10)
FNDA:13,(anonymous_11)
FNDA:13,adminUserDetailsUpdate
FNDA:13,(anonymous_13)
FNDA:13,(anonymous_14)
FNDA:11,(anonymous_15)
DA:2,1
DA:5,1
DA:16,1
DA:22,1
DA:25,1
DA:45,529
DA:48,529
DA:49,529
DA:50,5
DA:54,524
DA:55,524
DA:56,3
DA:60,521
DA:61,521
DA:62,3
DA:66,518
DA:67,518
DA:68,3
DA:71,515
DA:72,515
DA:73,515
DA:84,515
DA:86,515
DA:91,515
DA:92,515
DA:93,515
DA:94,515
DA:111,21
DA:113,21
DA:114,21
DA:116,8
DA:119,13
DA:121,5
DA:122,5
DA:123,5
DA:127,8
DA:128,8
DA:129,8
DA:132,8
DA:133,8
DA:134,8
DA:136,8
DA:147,7
DA:149,7
DA:150,9
DA:152,7
DA:153,4
DA:156,3
DA:157,5
DA:159,3
DA:161,3
DA:174,24
DA:176,24
DA:177,30
DA:179,24
DA:180,7
DA:183,22
DA:185,17
DA:210,15
DA:212,15
DA:213,15
DA:214,2
DA:217,13
DA:218,13
DA:220,13
DA:221,1
DA:224,12
DA:225,1
DA:228,11
DA:229,1
DA:232,10
DA:233,2
DA:236,8
DA:237,3
DA:240,5
DA:241,5
DA:243,5
DA:244,5
DA:265,13
DA:267,13
DA:268,13
DA:269,1
DA:272,12
DA:273,13
DA:275,12
DA:276,1
DA:279,11
DA:280,11
DA:282,11
DA:283,1
DA:286,10
DA:287,4
DA:290,6
DA:291,4
DA:294,2
DA:295,2
DA:296,2
DA:298,2
DA:299,2
DA:303,1
DA:304,1
DA:305,1
DA:306,1
DA:307,1
DA:308,1
LF:105
LH:105
BRDA:49,0,0,5
BRDA:55,1,0,3
BRDA:61,2,0,3
BRDA:67,3,0,3
BRDA:114,4,0,8
BRDA:119,5,0,5
BRDA:152,6,0,4
BRDA:179,7,0,7
BRDA:213,8,0,2
BRDA:220,9,0,1
BRDA:224,10,0,1
BRDA:228,11,0,1
BRDA:232,12,0,2
BRDA:236,13,0,3
BRDA:236,14,0,8
BRDA:236,14,1,6
BRDA:268,15,0,1
BRDA:275,16,0,1
BRDA:280,17,0,11
BRDA:280,17,1,10
BRDA:282,18,0,1
BRDA:286,19,0,4
BRDA:286,20,0,10
BRDA:286,20,1,9
BRDA:286,20,2,8
BRDA:290,21,0,4
BRDA:290,22,0,6
BRDA:290,22,1,5
BRDA:290,22,2,4
BRF:29
BRH:29
end_of_record
TN:
SF:src/backend/dataStore.ts
FN:29,getData
FN:34,setData
FN:39,clearData
FN:45,loadData
FNF:4
FNH:4
FNDA:2737,getData
FNDA:2255,setData
FNDA:435,clearData
FNDA:436,loadData
DA:1,1
DA:5,1
DA:30,2737
DA:35,2255
DA:36,2255
DA:40,435
DA:41,435
DA:47,436
DA:48,435
DA:56,435
DA:59,436
DA:60,436
DA:63,1
DA:65,1
LF:14
LH:14
BRDA:47,0,0,435
BRF:1
BRH:1
end_of_record
TN:
SF:src/backend/game.ts
FN:22,adminQuizGameStart
FN:33,(anonymous_1)
FN:40,(anonymous_2)
FN:44,(anonymous_3)
FN:54,(anonymous_4)
FN:67,(anonymous_5)
FN:98,adminQuizViewGames
FN:101,(anonymous_7)
FN:108,(anonymous_8)
FN:112,(anonymous_9)
FN:141,adminGameInfo
FN:148,(anonymous_11)
FN:155,(anonymous_12)
FN:163,(anonymous_13)
FN:175,(anonymous_14)
FN:200,adminGameStateUpdate
FN:208,(anonymous_16)
FN:214,(anonymous_17)
FN:220,(anonymous_18)
FN:338,adminGameResult
FN:345,(anonymous_20)
FN:348,(anonymous_21)
FN:354,(anonymous_22)
FN:362,(anonymous_23)
FN:368,(anonymous_24)
FNF:25
FNH:25
FNDA:148,adminQuizGameStart
FNDA:150,(anonymous_1)
FNDA:152,(anonymous_2)
FNDA:151,(anonymous_3)
FNDA:80,(anonymous_4)
FNDA:209,(anonymous_5)
FNDA:13,adminQuizViewGames
FNDA:14,(anonymous_7)
FNDA:13,(anonymous_8)
FNDA:12,(anonymous_9)
FNDA:25,adminGameInfo
FNDA:26,(anonymous_11)
FNDA:23,(anonymous_12)
FNDA:22,(anonymous_13)
FNDA:17,(anonymous_14)
FNDA:197,adminGameStateUpdate
FNDA:199,(anonymous_16)
FNDA:196,(anonymous_17)
FNDA:197,(anonymous_18)
FNDA:7,adminGameResult
FNDA:8,(anonymous_20)
FNDA:6,(anonymous_21)
FNDA:6,(anonymous_22)
FNDA:6,(anonymous_23)
FNDA:3,(anonymous_24)
DA:1,1
DA:2,1
DA:3,1
DA:4,1
DA:28,148
DA:29,1
DA:32,147
DA:33,150
DA:34,147
DA:35,1
DA:38,146
DA:40,152
DA:41,1
DA:44,151
DA:45,145
DA:46,1
DA:49,144
DA:50,1
DA:53,143
DA:54,80
DA:57,143
DA:58,1
DA:61,142
DA:62,1
DA:64,141
DA:66,141
DA:67,141
DA:68,209
DA:76,141
DA:87,141
DA:88,141
DA:100,13
DA:101,14
DA:102,13
DA:103,2
DA:106,11
DA:108,13
DA:109,1
DA:112,12
DA:113,10
DA:114,1
DA:116,9
DA:120,9
DA:121,22
DA:122,18
DA:123,9
DA:125,9
DA:130,9
DA:146,25
DA:148,26
DA:149,25
DA:150,2
DA:154,23
DA:155,23
DA:157,23
DA:158,2
DA:162,21
DA:163,22
DA:167,21
DA:168,1
DA:172,20
DA:175,17
DA:206,197
DA:208,199
DA:209,197
DA:210,2
DA:214,196
DA:215,195
DA:216,2
DA:220,197
DA:224,193
DA:225,1
DA:229,192
DA:236,1
DA:240,191
DA:241,62
DA:246,4
DA:249,58
DA:250,1
DA:254,58
DA:255,76
DA:256,76
DA:257,76
DA:261,58
DA:262,58
DA:264,58
DA:266,129
DA:267,53
DA:268,5
DA:271,48
DA:272,48
DA:274,48
DA:277,76
DA:278,31
DA:282,5
DA:284,26
DA:286,26
DA:287,26
DA:288,26
DA:290,26
DA:292,45
DA:293,22
DA:297,6
DA:299,16
DA:300,1
DA:302,16
DA:304,16
DA:307,23
DA:308,1
DA:311,22
DA:315,3
DA:316,3
DA:318,22
DA:320,22
DA:321,22
DA:325,170
DA:326,170
DA:343,7
DA:345,8
DA:346,7
DA:348,6
DA:349,6
DA:350,1
DA:353,5
DA:354,6
DA:356,5
DA:358,4
DA:359,1
DA:362,6
DA:367,3
DA:368,3
DA:374,1
DA:375,1
DA:376,1
DA:377,1
DA:378,1
LF:136
LH:136
BRDA:28,0,0,1
BRDA:34,1,0,1
BRDA:40,2,0,1
BRDA:45,3,0,1
BRDA:49,4,0,1
BRDA:54,5,0,80
BRDA:54,5,1,74
BRDA:57,6,0,1
BRDA:61,7,0,1
BRDA:102,8,0,2
BRDA:108,9,0,1
BRDA:113,10,0,1
BRDA:121,11,0,18
BRDA:122,12,0,9
BRDA:122,12,1,9
BRDA:149,13,0,2
BRDA:155,14,0,23
BRDA:155,14,1,22
BRDA:157,15,0,2
BRDA:163,16,0,22
BRDA:163,16,1,20
BRDA:163,16,2,20
BRDA:167,17,0,1
BRDA:209,18,0,2
BRDA:214,19,0,196
BRDA:214,19,1,194
BRDA:215,20,0,2
BRDA:220,21,0,197
BRDA:220,21,1,192
BRDA:220,21,2,192
BRDA:224,22,0,1
BRDA:229,23,0,1
BRDA:230,24,0,192
BRDA:230,24,1,130
BRDA:230,24,2,77
BRDA:230,24,3,46
BRDA:230,24,4,24
BRDA:240,25,0,62
BRDA:240,25,1,129
BRDA:241,26,0,4
BRDA:241,26,1,58
BRDA:242,27,0,62
BRDA:242,27,1,6
BRDA:242,27,2,5
BRDA:249,28,0,1
BRDA:249,29,0,58
BRDA:249,29,1,2
BRDA:266,30,0,53
BRDA:266,30,1,76
BRDA:267,31,0,5
BRDA:267,31,1,48
BRDA:277,32,0,31
BRDA:277,32,1,45
BRDA:278,33,0,5
BRDA:278,33,1,26
BRDA:279,34,0,31
BRDA:279,34,1,5
BRDA:286,35,0,26
BRDA:292,36,0,22
BRDA:292,36,1,23
BRDA:293,37,0,6
BRDA:293,37,1,16
BRDA:294,38,0,22
BRDA:294,38,1,21
BRDA:299,39,0,1
BRDA:307,40,0,1
BRDA:307,40,1,22
BRDA:311,41,0,3
BRDA:312,42,0,22
BRDA:312,42,1,21
BRDA:346,43,0,1
BRDA:348,44,0,6
BRDA:348,44,1,6
BRDA:349,45,0,1
BRDA:354,46,0,6
BRDA:354,46,1,4
BRDA:354,46,2,4
BRDA:356,47,0,1
BRDA:358,48,0,1
BRF:79
BRH:79
end_of_record
TN:
SF:src/backend/handler.ts
FN:27,handleErrors
FNF:1
FNH:1
FNDA:2195,handleErrors
DA:6,1
DA:9,1
DA:12,1
DA:15,1
DA:18,1
DA:21,1
DA:25,1
DA:27,1
DA:28,2195
DA:29,2195
DA:31,310
DA:32,27
DA:33,283
DA:34,56
DA:35,227
DA:36,49
DA:37,178
DA:38,9
DA:39,169
DA:40,151
DA:41,18
DA:42,9
DA:43,9
DA:44,9
LF:24
LH:24
BRDA:31,0,0,27
BRDA:31,0,1,283
BRDA:33,1,0,56
BRDA:33,1,1,227
BRDA:35,2,0,49
BRDA:35,2,1,178
BRDA:37,3,0,9
BRDA:37,3,1,169
BRDA:39,4,0,151
BRDA:39,4,1,18
BRDA:41,5,0,9
BRDA:41,5,1,9
BRDA:43,6,0,9
BRF:13
BRH:13
end_of_record
TN:
SF:src/backend/helper.ts
FN:26,isName
FN:44,containsLetter
FN:62,containsNumber
FN:75,doesEmailExist
FN:78,(anonymous_4)
FN:91,checkName
FN:108,checkEmail
FN:125,checkPassword
FN:143,checkDuplicates
FN:144,(anonymous_9)
FN:157,addAnswers
FN:182,checkUrlEnd
FN:196,checkUrlStart
FN:206,hash
FN:217,randomName
FN:250,calculateResult
FN:251,(anonymous_16)
FN:254,(anonymous_17)
FN:257,(anonymous_18)
FN:258,(anonymous_19)
FN:265,(anonymous_20)
FN:268,(anonymous_21)
FN:273,(anonymous_22)
FN:291,stateTimer
FN:297,(anonymous_24)
FN:306,(anonymous_25)
FN:316,(anonymous_26)
FN:325,checkAnswers
FNF:28
FNH:28
FNDA:1047,isName
FNDA:531,containsLetter
FNDA:528,containsNumber
FNDA:539,doesEmailExist
FNDA:139,(anonymous_4)
FNDA:1039,checkName
FNDA:529,checkEmail
FNDA:524,checkPassword
FNDA:370,checkDuplicates
FNDA:744,(anonymous_9)
FNDA:355,addAnswers
FNDA:270,checkUrlEnd
FNDA:266,checkUrlStart
FNDA:557,hash
FNDA:56,randomName
FNDA:28,calculateResult
FNDA:28,(anonymous_16)
FNDA:29,(anonymous_17)
FNDA:38,(anonymous_18)
FNDA:5,(anonymous_19)
FNDA:38,(anonymous_20)
FNDA:6,(anonymous_21)
FNDA:1,(anonymous_22)
FNDA:108,stateTimer
FNDA:109,(anonymous_24)
FNDA:1,(anonymous_25)
FNDA:3,(anonymous_26)
FNDA:10,checkAnswers
DA:2,1
DA:5,1
DA:6,1
DA:15,1
DA:27,1047
DA:28,5715
DA:29,6
DA:32,1041
DA:45,531
DA:46,552
DA:47,528
DA:50,3
DA:63,528
DA:76,539
DA:78,539
DA:79,139
DA:92,1039
DA:93,4
DA:94,1035
DA:95,2
DA:97,1033
DA:109,529
DA:110,4
DA:111,525
DA:112,1
DA:114,524
DA:126,524
DA:127,1
DA:128,523
DA:129,1
DA:130,522
DA:131,1
DA:133,521
DA:144,744
DA:145,370
DA:158,355
DA:159,355
DA:162,714
DA:164,714
DA:170,714
DA:173,355
DA:183,270
DA:185,270
DA:197,266
DA:207,557
DA:218,56
DA:219,56
DA:221,56
DA:223,56
DA:224,280
DA:225,280
DA:226,293
DA:228,280
DA:231,56
DA:232,168
DA:233,168
DA:234,186
DA:236,168
DA:239,56
DA:251,28
DA:252,28
DA:253,28
DA:254,29
DA:257,38
DA:258,28
DA:261,28
DA:265,38
DA:266,28
DA:267,4
DA:268,6
DA:273,28
DA:274,28
DA:275,5
DA:278,28
DA:297,109
DA:299,108
DA:300,78
DA:301,78
DA:305,108
DA:306,59
DA:307,1
DA:308,1
DA:309,1
DA:311,1
DA:314,59
DA:316,49
DA:317,3
DA:318,3
DA:319,3
DA:321,49
DA:329,10
DA:330,1
DA:333,9
DA:334,11
DA:335,1
DA:339,8
DA:343,1
DA:344,1
DA:345,1
DA:346,1
DA:347,1
DA:348,1
DA:349,1
DA:350,1
DA:351,1
DA:352,1
DA:353,1
DA:354,1
DA:355,1
DA:356,1
DA:357,1
DA:358,1
LF:112
LH:112
BRDA:28,0,0,6
BRDA:28,1,0,5715
BRDA:28,1,1,66
BRDA:46,2,0,528
BRDA:46,3,0,552
BRDA:46,3,1,528
BRDA:92,4,0,4
BRDA:92,4,1,1035
BRDA:92,5,0,1039
BRDA:92,5,1,1037
BRDA:94,6,0,2
BRDA:109,7,0,4
BRDA:109,7,1,525
BRDA:111,8,0,1
BRDA:126,9,0,1
BRDA:126,9,1,523
BRDA:128,10,0,1
BRDA:128,10,1,522
BRDA:130,11,0,1
BRDA:185,12,0,270
BRDA:185,12,1,260
BRDA:185,12,2,5
BRDA:197,13,0,266
BRDA:197,13,1,63
BRDA:225,14,0,573
BRDA:225,14,1,280
BRDA:233,15,0,354
BRDA:233,15,1,168
BRDA:266,16,0,4
BRDA:299,17,0,78
BRDA:305,18,0,59
BRDA:305,18,1,49
BRDA:329,19,0,1
BRDA:334,20,0,1
BRF:34
BRH:34
end_of_record
TN:
SF:src/backend/interface.ts
FN:109,(anonymous_0)
FN:126,(anonymous_1)
FNF:2
FNH:2
FNDA:1,(anonymous_0)
FNDA:1,(anonymous_1)
DA:109,1
DA:110,1
DA:111,1
DA:112,1
DA:113,1
DA:114,1
DA:115,1
DA:116,1
DA:126,1
DA:127,1
DA:128,1
DA:129,1
DA:130,1
DA:131,1
LF:14
LH:14
BRDA:109,0,0,1
BRDA:109,0,1,1
BRDA:126,1,0,1
BRDA:126,1,1,1
BRF:4
BRH:4
end_of_record
TN:
SF:src/backend/newecho.ts
FN:6,echo
FNF:1
FNH:1
FNDA:2,echo
DA:7,2
DA:8,1
DA:10,1
DA:14,1
LF:4
LH:4
BRDA:7,0,0,1
BRF:1
BRH:1
end_of_record
TN:
SF:src/backend/openEnd.ts
FN:22,playerAnswerExplanation
FN:28,(anonymous_2)
FN:31,(anonymous_3)
FN:48,(anonymous_4)
FN:50,(anonymous_5)
FN:91,addQuizContributors
FN:98,(anonymous_7)
FN:103,(anonymous_8)
FN:120,(anonymous_9)
FNF:9
FNH:9
FNDA:5,playerAnswerExplanation
FNDA:5,(anonymous_2)
FNDA:4,(anonymous_3)
FNDA:2,(anonymous_4)
FNDA:2,(anonymous_5)
FNDA:20,addQuizContributors
FNDA:22,(anonymous_7)
FNDA:21,(anonymous_8)
FNDA:28,(anonymous_9)
DA:1,1
DA:8,1
DA:9,1
DA:10,1
DA:11,1
DA:12,1
DA:22,1
DA:26,5
DA:28,5
DA:29,5
DA:31,4
DA:32,4
DA:33,1
DA:36,3
DA:37,1
DA:40,2
DA:41,1
DA:45,1
DA:46,1
DA:47,1
DA:48,2
DA:50,2
DA:53,1
DA:56,1
DA:57,2
DA:60,1
DA:63,1
DA:76,1
DA:77,1
DA:79,1
DA:91,1
DA:96,20
DA:98,22
DA:99,20
DA:100,1
DA:103,21
DA:104,19
DA:105,1
DA:108,18
DA:109,2
DA:112,16
DA:113,2
DA:116,14
DA:117,1
DA:120,28
DA:121,13
DA:122,1
DA:125,12
DA:126,12
DA:127,12
DA:129,12
LF:51
LH:51
BRDA:29,0,0,1
BRDA:32,1,0,1
BRDA:32,2,0,4
BRDA:32,2,1,3
BRDA:36,3,0,1
BRDA:40,4,0,1
BRDA:99,5,0,1
BRDA:104,6,0,1
BRDA:108,7,0,2
BRDA:112,8,0,2
BRDA:116,9,0,1
BRDA:121,10,0,1
BRF:12
BRH:12
end_of_record
TN:
SF:src/backend/other.ts
FN:11,clear
FNF:1
FNH:1
FNDA:435,clear
DA:1,1
DA:13,435
DA:14,213
DA:16,435
DA:17,435
DA:20,1
LF:6
LH:6
BRF:0
BRH:0
end_of_record
TN:
SF:src/backend/player.ts
FN:24,adminPlayerJoin
FN:31,(anonymous_1)
FN:35,(anonymous_2)
FN:43,(anonymous_3)
FN:82,adminPlayerStatus
FN:84,(anonymous_5)
FN:88,(anonymous_6)
FN:107,adminPlayerQuestionInfo
FN:112,(anonymous_8)
FN:118,(anonymous_9)
FN:141,(anonymous_10)
FN:167,playerSubmission
FN:174,(anonymous_12)
FN:177,(anonymous_13)
FN:191,(anonymous_14)
FN:208,(anonymous_15)
FN:209,(anonymous_16)
FN:211,(anonymous_17)
FN:225,adminPlayerGameResult
FN:228,(anonymous_19)
FN:233,(anonymous_20)
FN:239,(anonymous_21)
FN:245,(anonymous_22)
FN:257,adminQuestionResults
FN:262,(anonymous_24)
FN:267,(anonymous_25)
FN:286,(anonymous_26)
FNF:27
FNH:27
FNDA:108,adminPlayerJoin
FNDA:23,(anonymous_1)
FNDA:106,(anonymous_2)
FNDA:22,(anonymous_3)
FNDA:2,adminPlayerStatus
FNDA:1,(anonymous_5)
FNDA:1,(anonymous_6)
FNDA:10,adminPlayerQuestionInfo
FNDA:9,(anonymous_8)
FNDA:9,(anonymous_9)
FNDA:4,(anonymous_10)
FNDA:17,playerSubmission
FNDA:20,(anonymous_12)
FNDA:16,(anonymous_13)
FNDA:26,(anonymous_14)
FNDA:20,(anonymous_15)
FNDA:13,(anonymous_16)
FNDA:12,(anonymous_17)
FNDA:3,adminPlayerGameResult
FNDA:6,(anonymous_19)
FNDA:3,(anonymous_20)
FNDA:2,(anonymous_21)
FNDA:1,(anonymous_22)
FNDA:5,adminQuestionResults
FNDA:5,(anonymous_24)
FNDA:4,(anonymous_25)
FNDA:1,(anonymous_26)
DA:1,1
DA:2,1
DA:3,1
DA:4,1
DA:25,108
DA:26,108
DA:28,108
DA:30,108
DA:31,105
DA:32,1
DA:35,106
DA:37,104
DA:38,103
DA:39,1
DA:42,102
DA:43,102
DA:44,102
DA:47,102
DA:55,102
DA:64,102
DA:65,1
DA:67,1
DA:70,102
DA:71,102
DA:72,102
DA:83,2
DA:84,2
DA:86,2
DA:88,1
DA:90,1
DA:96,1
DA:111,10
DA:112,10
DA:114,10
DA:115,1
DA:118,9
DA:120,9
DA:121,2
DA:124,7
DA:125,1
DA:126,6
DA:127,1
DA:128,5
DA:129,1
DA:130,4
DA:131,1
DA:134,3
DA:135,1
DA:140,2
DA:141,4
DA:147,2
DA:156,2
DA:172,17
DA:174,20
DA:175,17
DA:177,16
DA:178,16
DA:179,1
DA:182,15
DA:183,1
DA:186,14
DA:187,1
DA:190,13
DA:191,26
DA:192,13
DA:193,15
DA:194,1
DA:198,12
DA:199,1
DA:202,11
DA:203,1
DA:207,10
DA:208,20
DA:209,13
DA:211,12
DA:212,10
DA:213,10
DA:214,10
DA:216,10
DA:226,3
DA:228,6
DA:229,3
DA:230,1
DA:233,3
DA:235,2
DA:236,1
DA:239,2
DA:244,1
DA:245,1
DA:261,5
DA:262,5
DA:263,5
DA:264,1
DA:267,4
DA:270,4
DA:271,1
DA:275,3
DA:276,1
DA:280,2
DA:281,1
DA:285,1
DA:286,1
DA:289,1
DA:293,1
DA:294,1
DA:295,1
DA:296,1
DA:297,1
DA:298,1
LF:109
LH:109
BRDA:28,0,0,56
BRDA:28,0,1,52
BRDA:30,1,0,3
BRDA:31,2,0,1
BRDA:31,3,0,23
BRDA:31,3,1,1
BRDA:37,4,0,1
BRDA:38,5,0,1
BRDA:43,6,0,204
BRDA:43,6,1,102
BRDA:64,7,0,1
BRDA:64,8,0,102
BRDA:64,8,1,1
BRDA:86,9,0,1
BRDA:114,10,0,1
BRDA:120,11,0,2
BRDA:120,12,0,9
BRDA:120,12,1,8
BRDA:124,13,0,1
BRDA:124,13,1,6
BRDA:126,14,0,1
BRDA:126,14,1,5
BRDA:128,15,0,1
BRDA:128,15,1,4
BRDA:130,16,0,1
BRDA:134,17,0,1
BRDA:175,18,0,1
BRDA:178,19,0,1
BRDA:178,20,0,16
BRDA:178,20,1,15
BRDA:182,21,0,1
BRDA:186,22,0,1
BRDA:193,23,0,1
BRDA:198,24,0,1
BRDA:202,25,0,1
BRDA:229,26,0,1
BRDA:235,27,0,1
BRDA:263,28,0,1
BRDA:270,29,0,1
BRDA:270,30,0,4
BRDA:270,30,1,3
BRDA:275,31,0,1
BRDA:280,32,0,1
BRF:43
BRH:43
end_of_record
TN:
SF:src/backend/quiz.ts
FN:30,adminQuizDescriptionUpdate
FN:36,(anonymous_2)
FN:43,(anonymous_3)
FN:47,(anonymous_4)
FN:58,(anonymous_5)
FN:77,adminQuizNameUpdate
FN:83,(anonymous_7)
FN:91,(anonymous_8)
FN:95,(anonymous_9)
FN:114,(anonymous_10)
FN:122,(anonymous_11)
FN:141,adminQuizList
FN:144,(anonymous_13)
FN:151,(anonymous_14)
FN:152,(anonymous_15)
FN:156,(anonymous_16)
FN:173,adminQuizCreate
FN:179,(anonymous_18)
FN:197,(anonymous_19)
FN:210,(anonymous_20)
FN:237,adminQuizRemove
FN:246,(anonymous_22)
FN:251,(anonymous_23)
FN:260,(anonymous_24)
FN:273,adminQuizRemoveV2
FN:283,(anonymous_26)
FN:288,(anonymous_27)
FN:298,(anonymous_28)
FN:304,(anonymous_29)
FN:328,adminQuizInfo
FN:337,(anonymous_31)
FN:342,(anonymous_32)
FN:348,(anonymous_33)
FN:354,(anonymous_34)
FN:383,adminQuizInfoV2
FN:391,(anonymous_36)
FN:395,(anonymous_37)
FN:401,(anonymous_38)
FN:428,adminQuestionCreate
FN:434,(anonymous_40)
FN:440,(anonymous_41)
FN:447,(anonymous_42)
FN:483,(anonymous_43)
FN:495,(anonymous_44)
FN:523,(anonymous_45)
FN:561,adminQuizQuestionUpdate
FN:568,(anonymous_47)
FN:574,(anonymous_48)
FN:578,(anonymous_49)
FN:581,(anonymous_50)
FN:587,(anonymous_51)
FN:619,(anonymous_52)
FN:652,(anonymous_53)
FN:696,adminQuestionDelete
FN:702,(anonymous_55)
FN:708,(anonymous_56)
FN:715,(anonymous_57)
FN:721,(anonymous_58)
FN:729,(anonymous_59)
FN:739,(anonymous_60)
FN:755,adminQuizTransfer
FN:762,(anonymous_62)
FN:767,(anonymous_63)
FN:776,(anonymous_64)
FN:786,(anonymous_65)
FN:796,(anonymous_66)
FN:819,adminQuizMove
FN:827,(anonymous_68)
FN:828,(anonymous_69)
FN:837,(anonymous_70)
FN:843,(anonymous_71)
FN:874,getQuestionSuggestion
FN:880,(anonymous_73)
FN:883,(anonymous_74)
FN:887,(anonymous_75)
FN:923,adminQuizThumbnail
FN:929,(anonymous_77)
FN:934,(anonymous_78)
FNF:78
FNH:78
FNDA:10,adminQuizDescriptionUpdate
FNDA:11,(anonymous_2)
FNDA:12,(anonymous_3)
FNDA:11,(anonymous_4)
FNDA:8,(anonymous_5)
FNDA:14,adminQuizNameUpdate
FNDA:15,(anonymous_7)
FNDA:17,(anonymous_8)
FNDA:16,(anonymous_9)
FNDA:12,(anonymous_10)
FNDA:8,(anonymous_11)
FNDA:12,adminQuizList
FNDA:18,(anonymous_13)
FNDA:17,(anonymous_14)
FNDA:1,(anonymous_15)
FNDA:9,(anonymous_16)
FNDA:415,adminQuizCreate
FNDA:457,(anonymous_18)
FNDA:60,(anonymous_19)
FNDA:59,(anonymous_20)
FNDA:5,adminQuizRemove
FNDA:6,(anonymous_22)
FNDA:3,(anonymous_23)
FNDA:1,(anonymous_24)
FNDA:6,adminQuizRemoveV2
FNDA:7,(anonymous_26)
FNDA:4,(anonymous_27)
FNDA:1,(anonymous_28)
FNDA:1,(anonymous_29)
FNDA:33,adminQuizInfo
FNDA:39,(anonymous_31)
FNDA:38,(anonymous_32)
FNDA:1,(anonymous_33)
FNDA:27,(anonymous_34)
FNDA:12,adminQuizInfoV2
FNDA:15,(anonymous_36)
FNDA:9,(anonymous_37)
FNDA:2,(anonymous_38)
FNDA:370,adminQuestionCreate
FNDA:379,(anonymous_40)
FNDA:374,(anonymous_41)
FNDA:2,(anonymous_42)
FNDA:676,(anonymous_43)
FNDA:350,(anonymous_44)
FNDA:182,(anonymous_45)
FNDA:64,adminQuizQuestionUpdate
FNDA:67,(anonymous_47)
FNDA:68,(anonymous_48)
FNDA:66,(anonymous_49)
FNDA:1,(anonymous_50)
FNDA:62,(anonymous_51)
FNDA:52,(anonymous_52)
FNDA:37,(anonymous_53)
FNDA:16,adminQuestionDelete
FNDA:19,(anonymous_55)
FNDA:12,(anonymous_56)
FNDA:1,(anonymous_57)
FNDA:8,(anonymous_58)
FNDA:1,(anonymous_59)
FNDA:5,(anonymous_60)
FNDA:14,adminQuizTransfer
FNDA:19,(anonymous_62)
FNDA:11,(anonymous_63)
FNDA:13,(anonymous_64)
FNDA:5,(anonymous_65)
FNDA:1,(anonymous_66)
FNDA:16,adminQuizMove
FNDA:16,(anonymous_68)
FNDA:17,(anonymous_69)
FNDA:1,(anonymous_70)
FNDA:14,(anonymous_71)
FNDA:4,getQuestionSuggestion
FNDA:6,(anonymous_73)
FNDA:3,(anonymous_74)
FNDA:1,(anonymous_75)
FNDA:35,adminQuizThumbnail
FNDA:36,(anonymous_77)
FNDA:33,(anonymous_78)
DA:1,1
DA:2,1
DA:3,1
DA:15,1
DA:18,1
DA:35,10
DA:36,11
DA:37,10
DA:38,1
DA:40,9
DA:43,12
DA:44,1
DA:47,11
DA:48,8
DA:49,1
DA:52,7
DA:53,1
DA:57,6
DA:58,8
DA:60,6
DA:61,6
DA:62,6
DA:64,6
DA:82,14
DA:83,15
DA:84,14
DA:85,1
DA:88,13
DA:91,17
DA:92,1
DA:95,16
DA:96,12
DA:97,1
DA:101,11
DA:102,1
DA:106,10
DA:107,1
DA:109,9
DA:110,1
DA:113,8
DA:115,12
DA:118,2
DA:121,6
DA:122,8
DA:124,6
DA:125,6
DA:127,6
DA:129,6
DA:142,12
DA:144,18
DA:145,12
DA:146,2
DA:150,10
DA:151,17
DA:152,1
DA:156,10
DA:161,10
DA:178,415
DA:179,457
DA:180,415
DA:181,2
DA:185,413
DA:186,1
DA:190,412
DA:191,4
DA:195,408
DA:197,60
DA:200,1
DA:204,407
DA:205,1
DA:209,406
DA:210,406
DA:211,406
DA:215,406
DA:217,406
DA:218,406
DA:232,406
DA:233,406
DA:234,406
DA:241,5
DA:242,1
DA:245,4
DA:246,6
DA:247,4
DA:248,1
DA:251,3
DA:252,3
DA:253,1
DA:256,2
DA:257,1
DA:260,1
DA:261,1
DA:262,1
DA:277,6
DA:278,1
DA:281,5
DA:283,7
DA:284,5
DA:285,1
DA:288,4
DA:289,4
DA:290,1
DA:293,3
DA:294,1
DA:298,2
DA:300,1
DA:304,1
DA:305,1
DA:307,1
DA:332,33
DA:333,1
DA:336,32
DA:337,39
DA:338,32
DA:339,1
DA:342,38
DA:343,31
DA:344,2
DA:347,29
DA:348,2
DA:349,1
DA:354,28
DA:362,28
DA:387,12
DA:388,1
DA:390,11
DA:391,15
DA:392,11
DA:393,1
DA:395,10
DA:396,10
DA:397,2
DA:400,8
DA:401,3
DA:402,1
DA:406,7
DA:433,370
DA:434,379
DA:435,370
DA:436,4
DA:439,366
DA:440,374
DA:442,366
DA:443,2
DA:446,364
DA:447,4
DA:448,2
DA:453,362
DA:454,12
DA:458,350
DA:462,4
DA:466,346
DA:467,2
DA:471,344
DA:472,2
DA:476,342
DA:477,4
DA:481,338
DA:483,676
DA:486,4
DA:490,334
DA:491,2
DA:495,350
DA:496,2
DA:500,330
DA:501,223
DA:502,1
DA:505,222
DA:506,1
DA:509,221
DA:510,1
DA:514,327
DA:515,327
DA:518,327
DA:521,327
DA:522,327
DA:523,182
DA:526,327
DA:529,327
DA:538,327
DA:539,220
DA:542,327
DA:545,327
DA:546,327
DA:547,327
DA:567,64
DA:568,67
DA:569,64
DA:570,2
DA:574,68
DA:575,2
DA:578,66
DA:580,60
DA:581,3
DA:582,2
DA:586,58
DA:587,62
DA:591,58
DA:592,2
DA:596,56
DA:597,2
DA:599,54
DA:600,4
DA:604,50
DA:605,1
DA:607,49
DA:608,1
DA:613,48
DA:614,2
DA:619,46
DA:620,52
DA:621,46
DA:623,6
DA:625,46
DA:626,2
DA:630,44
DA:631,2
DA:633,42
DA:634,2
DA:638,40
DA:639,80
DA:640,2
DA:641,78
DA:642,2
DA:647,36
DA:648,2
DA:652,37
DA:653,2
DA:657,32
DA:658,18
DA:659,1
DA:662,17
DA:663,2
DA:666,15
DA:667,1
DA:671,28
DA:674,28
DA:675,28
DA:676,28
DA:677,28
DA:678,28
DA:679,28
DA:681,28
DA:682,14
DA:684,28
DA:685,28
DA:701,16
DA:702,19
DA:703,16
DA:704,4
DA:707,12
DA:708,12
DA:710,12
DA:711,2
DA:714,10
DA:715,3
DA:716,2
DA:720,8
DA:721,8
DA:723,8
DA:724,2
DA:728,6
DA:729,1
DA:732,1
DA:736,5
DA:737,5
DA:738,5
DA:739,5
DA:741,5
DA:742,5
DA:743,5
DA:760,14
DA:762,19
DA:763,14
DA:764,3
DA:767,11
DA:768,11
DA:769,2
DA:772,9
DA:773,2
DA:776,13
DA:777,7
DA:778,2
DA:781,5
DA:782,1
DA:785,4
DA:786,5
DA:788,4
DA:789,1
DA:795,3
DA:796,1
DA:799,1
DA:802,2
DA:803,2
DA:804,2
DA:806,2
DA:825,16
DA:827,16
DA:828,17
DA:830,16
DA:832,14
DA:834,12
DA:836,12
DA:837,2
DA:838,1
DA:842,11
DA:843,14
DA:846,11
DA:848,9
DA:849,2
DA:852,7
DA:853,2
DA:856,5
DA:857,5
DA:859,5
DA:861,5
DA:863,5
DA:878,4
DA:880,6
DA:881,4
DA:883,3
DA:884,3
DA:886,2
DA:887,2
DA:888,1
DA:894,1
DA:896,1
DA:898,1
DA:908,1
DA:909,1
DA:911,1
DA:928,35
DA:929,36
DA:930,35
DA:931,2
DA:934,33
DA:935,33
DA:936,2
DA:940,31
DA:941,1
DA:944,30
DA:945,1
DA:949,29
DA:950,29
DA:951,29
DA:953,29
DA:957,1
DA:958,1
DA:959,1
DA:960,1
DA:961,1
DA:962,1
DA:963,1
DA:964,1
DA:965,1
DA:966,1
DA:967,1
DA:968,1
DA:969,1
DA:970,1
DA:971,1
LF:361
LH:361
BRDA:37,0,0,1
BRDA:43,1,0,1
BRDA:48,2,0,1
BRDA:52,3,0,1
BRDA:58,4,0,8
BRDA:58,4,1,7
BRDA:84,5,0,1
BRDA:91,6,0,1
BRDA:96,7,0,1
BRDA:101,8,0,1
BRDA:106,9,0,1
BRDA:109,10,0,1
BRDA:113,11,0,2
BRDA:115,12,0,12
BRDA:115,12,1,10
BRDA:122,13,0,8
BRDA:122,13,1,7
BRDA:145,14,0,2
BRDA:151,15,0,17
BRDA:151,15,1,9
BRDA:180,16,0,2
BRDA:185,17,0,1
BRDA:190,18,0,4
BRDA:190,19,0,412
BRDA:190,19,1,409
BRDA:195,20,0,1
BRDA:197,21,0,60
BRDA:197,21,1,17
BRDA:204,22,0,1
BRDA:210,23,0,812
BRDA:210,23,1,406
BRDA:241,24,0,1
BRDA:247,25,0,1
BRDA:252,26,0,1
BRDA:256,27,0,1
BRDA:277,28,0,1
BRDA:284,29,0,1
BRDA:289,30,0,1
BRDA:293,31,0,1
BRDA:298,32,0,1
BRDA:298,33,0,1
BRDA:298,33,1,1
BRDA:298,33,2,1
BRDA:332,34,0,1
BRDA:338,35,0,1
BRDA:343,36,0,2
BRDA:347,37,0,2
BRDA:348,38,0,1
BRDA:387,39,0,1
BRDA:392,40,0,1
BRDA:396,41,0,2
BRDA:400,42,0,3
BRDA:401,43,0,1
BRDA:435,44,0,4
BRDA:442,45,0,2
BRDA:446,46,0,4
BRDA:447,47,0,2
BRDA:453,48,0,12
BRDA:453,49,0,362
BRDA:453,49,1,352
BRDA:458,50,0,4
BRDA:459,51,0,350
BRDA:459,51,1,348
BRDA:466,52,0,2
BRDA:471,53,0,2
BRDA:476,54,0,4
BRDA:476,55,0,342
BRDA:476,55,1,340
BRDA:481,56,0,4
BRDA:483,57,0,676
BRDA:483,57,1,674
BRDA:490,58,0,2
BRDA:495,59,0,2
BRDA:500,60,0,223
BRDA:501,61,0,1
BRDA:505,62,0,1
BRDA:509,63,0,1
BRDA:523,64,0,654
BRDA:523,64,1,654
BRDA:538,65,0,220
BRDA:569,66,0,2
BRDA:574,67,0,2
BRDA:580,68,0,3
BRDA:581,69,0,2
BRDA:591,70,0,2
BRDA:596,71,0,2
BRDA:599,72,0,4
BRDA:604,73,0,1
BRDA:607,74,0,1
BRDA:613,75,0,2
BRDA:620,76,0,46
BRDA:625,77,0,2
BRDA:630,78,0,2
BRDA:633,79,0,2
BRDA:639,80,0,2
BRDA:639,80,1,78
BRDA:641,81,0,2
BRDA:647,82,0,2
BRDA:652,83,0,2
BRDA:657,84,0,18
BRDA:658,85,0,1
BRDA:662,86,0,2
BRDA:666,87,0,1
BRDA:681,88,0,14
BRDA:703,89,0,4
BRDA:710,90,0,2
BRDA:714,91,0,3
BRDA:715,92,0,2
BRDA:723,93,0,2
BRDA:728,94,0,1
BRDA:729,95,0,1
BRDA:729,95,1,1
BRDA:729,95,2,1
BRDA:763,96,0,3
BRDA:768,97,0,2
BRDA:772,98,0,2
BRDA:777,99,0,2
BRDA:781,100,0,1
BRDA:786,101,0,5
BRDA:786,101,1,5
BRDA:788,102,0,1
BRDA:795,103,0,1
BRDA:796,104,0,1
BRDA:796,104,1,1
BRDA:796,104,2,1
BRDA:830,105,0,2
BRDA:832,106,0,2
BRDA:836,107,0,2
BRDA:837,108,0,1
BRDA:846,109,0,2
BRDA:848,110,0,2
BRDA:848,111,0,9
BRDA:848,111,1,8
BRDA:852,112,0,2
BRDA:881,113,0,1
BRDA:884,114,0,1
BRDA:886,115,0,2
BRDA:887,116,0,1
BRDA:930,117,0,2
BRDA:934,118,0,33
BRDA:934,118,1,32
BRDA:935,119,0,2
BRDA:940,120,0,1
BRDA:944,121,0,1
BRF:144
BRH:144
end_of_record
